WARNING:EDK:878 - Could not find IP doc
   http://www.xilinx.com/cgi-bin/docs/ipdoc?c=plb_v46;v=v1_05_a;d=plb_v46.pdf
WARNING:EDK:878 - Could not find IP doc
   http://www.xilinx.com/cgi-bin/docs/ipdoc?c=xps_bram_if_cntlr;v=v1_00_b;d=xps_
   bram_if_cntlr.pdf
WARNING:EDK:878 - Could not find IP doc
   http://www.xilinx.com/cgi-bin/docs/ipdoc?c=bram_block;v=v1_00_a;d=bram_block.
   pdf
WARNING:EDK:878 - Could not find IP doc
   http://www.xilinx.com/cgi-bin/docs/ipdoc?c=xps_uartlite;v=v1_02_a;d=xps_uartl
   ite.pdf
WARNING:EDK:878 - Could not find IP doc
   http://www.xilinx.com/cgi-bin/docs/ipdoc?c=xps_gpio;v=v2_00_a;d=xps_gpio.pdf
WARNING:EDK:878 - Could not find IP doc
   http://www.xilinx.com/cgi-bin/docs/ipdoc?c=xps_gpio;v=v2_00_a;d=xps_gpio.pdf
Generated Block Diagram.
Rasterizing plb_v46_0.jpg.....
Rasterizing microblaze_0.jpg.....
Rasterizing xps_bram_if_cntlr_0.jpg.....
Rasterizing bram_block_0.jpg.....
Rasterizing xps_uartlite_0.jpg.....
Rasterizing xps_gpio_0.jpg.....
Rasterizing xps_gpio_1.jpg.....
Rasterizing practica2_blkd.jpg.....
Report generated.
Report generation completed.
