Running: fuse.exe -relaunch -intstyle "ise" -incremental -o "N:/ws/practica3/pcores/top_sumador_v1_00_a/devl/projnav/testbench_isim_beh.exe" -prj "N:/ws/practica3/pcores/top_sumador_v1_00_a/devl/projnav/testbench_beh.prj" "work.testbench" 
ISim P.15xf (signature 0x2f00eba5)
Number of CPUs detected in this system: 1
Turning on mult-threading, number of parallel sub-compilation jobs: 0 
Determining compilation order of HDL files
Parsing VHDL file "N:/ws/practica3/pcores/top_sumador_v1_00_a/devl/projnav/../../hdl/vhdl/divisor1Hz.vhd" into library work
Parsing VHDL file "C:/Xilinx/14.1/ISE_DS/EDK/hw/XilinxProcessorIPLib/pcores/proc_common_v3_00_a/hdl/vhdl/proc_common_pkg.vhd" into library proc_common_v3_00_a
Parsing VHDL file "N:/ws/practica3/pcores/top_sumador_v1_00_a/devl/projnav/../../hdl/vhdl/user_logic.vhd" into library top_sumador_v1_00_a
Parsing VHDL file "N:/ws/practica3/pcores/top_sumador_v1_00_a/devl/projnav/test_sumador.vhd" into library work
Starting static elaboration
WARNING:HDLCompiler:89 - "N:/ws/practica3/pcores/top_sumador_v1_00_a/devl/projnav/test_sumador.vhd" Line 63: <user_logic> remains a black-box since it has no binding entity.
Completed static elaboration
Fuse Memory Usage: 119372 KB
Fuse CPU Usage: 265 ms
WARNING:Simulator:648 - "N:/ws/practica3/pcores/top_sumador_v1_00_a/devl/projnav/test_sumador.vhd" Line 63. Instance user_logic is unbound
Compiling package standard
Compiling package std_logic_1164
Compiling package numeric_std
Compiling architecture behavior of entity testbench
Time Resolution for simulation is 1ps.
Compiled 4 VHDL Units
Built simulation executable N:/ws/practica3/pcores/top_sumador_v1_00_a/devl/projnav/testbench_isim_beh.exe
Fuse Memory Usage: 132856 KB
Fuse CPU Usage: 452 ms
