ISim log file
Running: N:\ws\practica3\pcores\top_sumador_v1_00_a\devl\projnav\testbench_isim_beh.exe -intstyle ise -gui -tclbatch isim.cmd -wdb N:/ws/practica3/pcores/top_sumador_v1_00_a/devl/projnav/testbench_isim_beh.wdb 
ISim P.15xf (signature 0x2f00eba5)
This is a Full version of ISim.
Time resolution is 1 ps
# onerror resume
# wave add /
# run 1000 ns
Simulator is doing circuit initialization process.
Finished circuit initialization process.
# run all
Stopped at time : 14052419 ns : File "//Vboxsvr/se/ws/practica3/pcores/top_sumador_v1_00_a/devl/projnav/test_sumador.vhd" Line 80
ISim P.15xf (signature 0x2f00eba5)
This is a Full version of ISim.
# run 1000 ns
Simulator is doing circuit initialization process.
Finished circuit initialization process.
Stopped at time : 340 ns : File "//Vboxsvr/se/ws/practica3/pcores/top_sumador_v1_00_a/devl/projnav/test_sumador.vhd" Line 128
# step
Stopped at time : 340 ns : File "//Vboxsvr/se/ws/practica3/pcores/top_sumador_v1_00_a/devl/projnav/test_sumador.vhd" Line 129
# step
Stopped at time : 340 ns : File "//Vboxsvr/se/ws/practica3/pcores/top_sumador_v1_00_a/devl/projnav/test_sumador.vhd" Line 130
# step
Stopped at time : 340 ns : File "//Vboxsvr/se/ws/practica3/pcores/top_sumador_v1_00_a/devl/projnav/test_sumador.vhd" Line 78
# step
Stopped at time : 340 ns : File "//Vboxsvr/se/ws/practica3/pcores/top_sumador_v1_00_a/devl/projnav/test_sumador.vhd" Line 79
# step
Stopped at time : 341 ns : File "//Vboxsvr/se/ws/practica3/pcores/top_sumador_v1_00_a/devl/projnav/test_sumador.vhd" Line 80
# step
Stopped at time : 341 ns : File "//Vboxsvr/se/ws/practica3/pcores/top_sumador_v1_00_a/devl/projnav/test_sumador.vhd" Line 81
# step
Stopped at time : 342 ns : File "//Vboxsvr/se/ws/practica3/pcores/top_sumador_v1_00_a/devl/projnav/test_sumador.vhd" Line 78
# step
Stopped at time : 342 ns : File "//Vboxsvr/se/ws/practica3/pcores/top_sumador_v1_00_a/devl/projnav/test_sumador.vhd" Line 79
# step
Stopped at time : 343 ns : File "//Vboxsvr/se/ws/practica3/pcores/top_sumador_v1_00_a/devl/projnav/test_sumador.vhd" Line 80
# step
Stopped at time : 343 ns : File "//Vboxsvr/se/ws/practica3/pcores/top_sumador_v1_00_a/devl/projnav/test_sumador.vhd" Line 81
# step
Stopped at time : 344 ns : File "//Vboxsvr/se/ws/practica3/pcores/top_sumador_v1_00_a/devl/projnav/test_sumador.vhd" Line 78
# step
Stopped at time : 344 ns : File "//Vboxsvr/se/ws/practica3/pcores/top_sumador_v1_00_a/devl/projnav/test_sumador.vhd" Line 79
# step
Stopped at time : 345 ns : File "//Vboxsvr/se/ws/practica3/pcores/top_sumador_v1_00_a/devl/projnav/test_sumador.vhd" Line 80
# step
Stopped at time : 345 ns : File "//Vboxsvr/se/ws/practica3/pcores/top_sumador_v1_00_a/devl/projnav/test_sumador.vhd" Line 81
# step
Stopped at time : 346 ns : File "//Vboxsvr/se/ws/practica3/pcores/top_sumador_v1_00_a/devl/projnav/test_sumador.vhd" Line 78
# step
Stopped at time : 346 ns : File "//Vboxsvr/se/ws/practica3/pcores/top_sumador_v1_00_a/devl/projnav/test_sumador.vhd" Line 79
# step
Stopped at time : 347 ns : File "//Vboxsvr/se/ws/practica3/pcores/top_sumador_v1_00_a/devl/projnav/test_sumador.vhd" Line 80
# step
Stopped at time : 347 ns : File "//Vboxsvr/se/ws/practica3/pcores/top_sumador_v1_00_a/devl/projnav/test_sumador.vhd" Line 81
# step
Stopped at time : 348 ns : File "//Vboxsvr/se/ws/practica3/pcores/top_sumador_v1_00_a/devl/projnav/test_sumador.vhd" Line 78
# step
Stopped at time : 348 ns : File "//Vboxsvr/se/ws/practica3/pcores/top_sumador_v1_00_a/devl/projnav/test_sumador.vhd" Line 79
# step
Stopped at time : 349 ns : File "//Vboxsvr/se/ws/practica3/pcores/top_sumador_v1_00_a/devl/projnav/test_sumador.vhd" Line 80
# step
Stopped at time : 349 ns : File "//Vboxsvr/se/ws/practica3/pcores/top_sumador_v1_00_a/devl/projnav/test_sumador.vhd" Line 81
# step
Stopped at time : 350 ns : File "//Vboxsvr/se/ws/practica3/pcores/top_sumador_v1_00_a/devl/projnav/test_sumador.vhd" Line 133
# step
Stopped at time : 350 ns : File "//Vboxsvr/se/ws/practica3/pcores/top_sumador_v1_00_a/devl/projnav/test_sumador.vhd" Line 134
# step
Stopped at time : 350 ns : File "//Vboxsvr/se/ws/practica3/pcores/top_sumador_v1_00_a/devl/projnav/test_sumador.vhd" Line 78
# step
Stopped at time : 350 ns : File "//Vboxsvr/se/ws/practica3/pcores/top_sumador_v1_00_a/devl/projnav/test_sumador.vhd" Line 79
# step
Stopped at time : 351 ns : File "//Vboxsvr/se/ws/practica3/pcores/top_sumador_v1_00_a/devl/projnav/test_sumador.vhd" Line 80
# step
Stopped at time : 351 ns : File "//Vboxsvr/se/ws/practica3/pcores/top_sumador_v1_00_a/devl/projnav/test_sumador.vhd" Line 81
# step
Stopped at time : 352 ns : File "//Vboxsvr/se/ws/practica3/pcores/top_sumador_v1_00_a/devl/projnav/test_sumador.vhd" Line 78
# step
Stopped at time : 352 ns : File "//Vboxsvr/se/ws/practica3/pcores/top_sumador_v1_00_a/devl/projnav/test_sumador.vhd" Line 79
# step
Stopped at time : 353 ns : File "//Vboxsvr/se/ws/practica3/pcores/top_sumador_v1_00_a/devl/projnav/test_sumador.vhd" Line 80
# step
Stopped at time : 353 ns : File "//Vboxsvr/se/ws/practica3/pcores/top_sumador_v1_00_a/devl/projnav/test_sumador.vhd" Line 81
# step
Stopped at time : 354 ns : File "//Vboxsvr/se/ws/practica3/pcores/top_sumador_v1_00_a/devl/projnav/test_sumador.vhd" Line 78
# step
Stopped at time : 354 ns : File "//Vboxsvr/se/ws/practica3/pcores/top_sumador_v1_00_a/devl/projnav/test_sumador.vhd" Line 79
# step
Stopped at time : 355 ns : File "//Vboxsvr/se/ws/practica3/pcores/top_sumador_v1_00_a/devl/projnav/test_sumador.vhd" Line 80
# step
Stopped at time : 355 ns : File "//Vboxsvr/se/ws/practica3/pcores/top_sumador_v1_00_a/devl/projnav/test_sumador.vhd" Line 81
# step
Stopped at time : 356 ns : File "//Vboxsvr/se/ws/practica3/pcores/top_sumador_v1_00_a/devl/projnav/test_sumador.vhd" Line 78
# step
Stopped at time : 356 ns : File "//Vboxsvr/se/ws/practica3/pcores/top_sumador_v1_00_a/devl/projnav/test_sumador.vhd" Line 79
# step
Stopped at time : 357 ns : File "//Vboxsvr/se/ws/practica3/pcores/top_sumador_v1_00_a/devl/projnav/test_sumador.vhd" Line 80
# step
Stopped at time : 357 ns : File "//Vboxsvr/se/ws/practica3/pcores/top_sumador_v1_00_a/devl/projnav/test_sumador.vhd" Line 81
# step
Stopped at time : 358 ns : File "//Vboxsvr/se/ws/practica3/pcores/top_sumador_v1_00_a/devl/projnav/test_sumador.vhd" Line 78
# step
Stopped at time : 358 ns : File "//Vboxsvr/se/ws/practica3/pcores/top_sumador_v1_00_a/devl/projnav/test_sumador.vhd" Line 79
# step
Stopped at time : 359 ns : File "//Vboxsvr/se/ws/practica3/pcores/top_sumador_v1_00_a/devl/projnav/test_sumador.vhd" Line 80
# step
Stopped at time : 359 ns : File "//Vboxsvr/se/ws/practica3/pcores/top_sumador_v1_00_a/devl/projnav/test_sumador.vhd" Line 81
# step
Stopped at time : 360 ns : File "//Vboxsvr/se/ws/practica3/pcores/top_sumador_v1_00_a/devl/projnav/test_sumador.vhd" Line 135
# step
Stopped at time : 360 ns : File "//Vboxsvr/se/ws/practica3/pcores/top_sumador_v1_00_a/devl/projnav/test_sumador.vhd" Line 136
# step
Stopped at time : 360 ns : File "//Vboxsvr/se/ws/practica3/pcores/top_sumador_v1_00_a/devl/projnav/test_sumador.vhd" Line 78
# step
Stopped at time : 360 ns : File "//Vboxsvr/se/ws/practica3/pcores/top_sumador_v1_00_a/devl/projnav/test_sumador.vhd" Line 79
# step
Stopped at time : 361 ns : File "//Vboxsvr/se/ws/practica3/pcores/top_sumador_v1_00_a/devl/projnav/test_sumador.vhd" Line 80
# step
Stopped at time : 361 ns : File "//Vboxsvr/se/ws/practica3/pcores/top_sumador_v1_00_a/devl/projnav/test_sumador.vhd" Line 81
# step
Stopped at time : 362 ns : File "//Vboxsvr/se/ws/practica3/pcores/top_sumador_v1_00_a/devl/projnav/test_sumador.vhd" Line 78
# step
Stopped at time : 362 ns : File "//Vboxsvr/se/ws/practica3/pcores/top_sumador_v1_00_a/devl/projnav/test_sumador.vhd" Line 79
# step
Stopped at time : 363 ns : File "//Vboxsvr/se/ws/practica3/pcores/top_sumador_v1_00_a/devl/projnav/test_sumador.vhd" Line 80
# step
Stopped at time : 363 ns : File "//Vboxsvr/se/ws/practica3/pcores/top_sumador_v1_00_a/devl/projnav/test_sumador.vhd" Line 81
# step
Stopped at time : 364 ns : File "//Vboxsvr/se/ws/practica3/pcores/top_sumador_v1_00_a/devl/projnav/test_sumador.vhd" Line 78
# step
Stopped at time : 364 ns : File "//Vboxsvr/se/ws/practica3/pcores/top_sumador_v1_00_a/devl/projnav/test_sumador.vhd" Line 79
# step
Stopped at time : 365 ns : File "//Vboxsvr/se/ws/practica3/pcores/top_sumador_v1_00_a/devl/projnav/test_sumador.vhd" Line 80
# step
Stopped at time : 365 ns : File "//Vboxsvr/se/ws/practica3/pcores/top_sumador_v1_00_a/devl/projnav/test_sumador.vhd" Line 81
# step
Stopped at time : 366 ns : File "//Vboxsvr/se/ws/practica3/pcores/top_sumador_v1_00_a/devl/projnav/test_sumador.vhd" Line 78
# step
Stopped at time : 366 ns : File "//Vboxsvr/se/ws/practica3/pcores/top_sumador_v1_00_a/devl/projnav/test_sumador.vhd" Line 79
# step
Stopped at time : 367 ns : File "//Vboxsvr/se/ws/practica3/pcores/top_sumador_v1_00_a/devl/projnav/test_sumador.vhd" Line 80
# step
Stopped at time : 367 ns : File "//Vboxsvr/se/ws/practica3/pcores/top_sumador_v1_00_a/devl/projnav/test_sumador.vhd" Line 81
# step
Stopped at time : 368 ns : File "//Vboxsvr/se/ws/practica3/pcores/top_sumador_v1_00_a/devl/projnav/test_sumador.vhd" Line 137
# step
Stopped at time : 368 ns : File "//Vboxsvr/se/ws/practica3/pcores/top_sumador_v1_00_a/devl/projnav/test_sumador.vhd" Line 138
# step
Stopped at time : 368 ns : File "//Vboxsvr/se/ws/practica3/pcores/top_sumador_v1_00_a/devl/projnav/test_sumador.vhd" Line 78
# step
Stopped at time : 368 ns : File "//Vboxsvr/se/ws/practica3/pcores/top_sumador_v1_00_a/devl/projnav/test_sumador.vhd" Line 79
# step
Stopped at time : 369 ns : File "//Vboxsvr/se/ws/practica3/pcores/top_sumador_v1_00_a/devl/projnav/test_sumador.vhd" Line 80
# step
Stopped at time : 369 ns : File "//Vboxsvr/se/ws/practica3/pcores/top_sumador_v1_00_a/devl/projnav/test_sumador.vhd" Line 81
# step
Stopped at time : 370 ns : File "//Vboxsvr/se/ws/practica3/pcores/top_sumador_v1_00_a/devl/projnav/test_sumador.vhd" Line 78
# step
Stopped at time : 370 ns : File "//Vboxsvr/se/ws/practica3/pcores/top_sumador_v1_00_a/devl/projnav/test_sumador.vhd" Line 79
# step
Stopped at time : 371 ns : File "//Vboxsvr/se/ws/practica3/pcores/top_sumador_v1_00_a/devl/projnav/test_sumador.vhd" Line 80
# step
Stopped at time : 371 ns : File "//Vboxsvr/se/ws/practica3/pcores/top_sumador_v1_00_a/devl/projnav/test_sumador.vhd" Line 81
# step
Stopped at time : 372 ns : File "//Vboxsvr/se/ws/practica3/pcores/top_sumador_v1_00_a/devl/projnav/test_sumador.vhd" Line 78
# step
Stopped at time : 372 ns : File "//Vboxsvr/se/ws/practica3/pcores/top_sumador_v1_00_a/devl/projnav/test_sumador.vhd" Line 79
# step
Stopped at time : 373 ns : File "//Vboxsvr/se/ws/practica3/pcores/top_sumador_v1_00_a/devl/projnav/test_sumador.vhd" Line 80
# step
Stopped at time : 373 ns : File "//Vboxsvr/se/ws/practica3/pcores/top_sumador_v1_00_a/devl/projnav/test_sumador.vhd" Line 81
# step
Stopped at time : 374 ns : File "//Vboxsvr/se/ws/practica3/pcores/top_sumador_v1_00_a/devl/projnav/test_sumador.vhd" Line 139
# step
Stopped at time : 374 ns : File "//Vboxsvr/se/ws/practica3/pcores/top_sumador_v1_00_a/devl/projnav/test_sumador.vhd" Line 140
# step
Stopped at time : 374 ns : File "//Vboxsvr/se/ws/practica3/pcores/top_sumador_v1_00_a/devl/projnav/test_sumador.vhd" Line 78
# step
Stopped at time : 374 ns : File "//Vboxsvr/se/ws/practica3/pcores/top_sumador_v1_00_a/devl/projnav/test_sumador.vhd" Line 79
# step
Stopped at time : 375 ns : File "//Vboxsvr/se/ws/practica3/pcores/top_sumador_v1_00_a/devl/projnav/test_sumador.vhd" Line 80
# step
Stopped at time : 375 ns : File "//Vboxsvr/se/ws/practica3/pcores/top_sumador_v1_00_a/devl/projnav/test_sumador.vhd" Line 81
# step
Stopped at time : 376 ns : File "//Vboxsvr/se/ws/practica3/pcores/top_sumador_v1_00_a/devl/projnav/test_sumador.vhd" Line 78
# step
Stopped at time : 376 ns : File "//Vboxsvr/se/ws/practica3/pcores/top_sumador_v1_00_a/devl/projnav/test_sumador.vhd" Line 79
# step
Stopped at time : 377 ns : File "//Vboxsvr/se/ws/practica3/pcores/top_sumador_v1_00_a/devl/projnav/test_sumador.vhd" Line 80
# step
Stopped at time : 377 ns : File "//Vboxsvr/se/ws/practica3/pcores/top_sumador_v1_00_a/devl/projnav/test_sumador.vhd" Line 81
# step
Stopped at time : 378 ns : File "//Vboxsvr/se/ws/practica3/pcores/top_sumador_v1_00_a/devl/projnav/test_sumador.vhd" Line 78
# step
Stopped at time : 378 ns : File "//Vboxsvr/se/ws/practica3/pcores/top_sumador_v1_00_a/devl/projnav/test_sumador.vhd" Line 79
# step
Stopped at time : 379 ns : File "//Vboxsvr/se/ws/practica3/pcores/top_sumador_v1_00_a/devl/projnav/test_sumador.vhd" Line 80
# step
Stopped at time : 379 ns : File "//Vboxsvr/se/ws/practica3/pcores/top_sumador_v1_00_a/devl/projnav/test_sumador.vhd" Line 81
# step
Stopped at time : 380 ns : File "//Vboxsvr/se/ws/practica3/pcores/top_sumador_v1_00_a/devl/projnav/test_sumador.vhd" Line 78
# step
Stopped at time : 380 ns : File "//Vboxsvr/se/ws/practica3/pcores/top_sumador_v1_00_a/devl/projnav/test_sumador.vhd" Line 79
# step
Stopped at time : 381 ns : File "//Vboxsvr/se/ws/practica3/pcores/top_sumador_v1_00_a/devl/projnav/test_sumador.vhd" Line 80
# step
Stopped at time : 381 ns : File "//Vboxsvr/se/ws/practica3/pcores/top_sumador_v1_00_a/devl/projnav/test_sumador.vhd" Line 81
# step
Stopped at time : 382 ns : File "//Vboxsvr/se/ws/practica3/pcores/top_sumador_v1_00_a/devl/projnav/test_sumador.vhd" Line 78
# step
Stopped at time : 382 ns : File "//Vboxsvr/se/ws/practica3/pcores/top_sumador_v1_00_a/devl/projnav/test_sumador.vhd" Line 79
# step
Stopped at time : 383 ns : File "//Vboxsvr/se/ws/practica3/pcores/top_sumador_v1_00_a/devl/projnav/test_sumador.vhd" Line 80
# step
Stopped at time : 383 ns : File "//Vboxsvr/se/ws/practica3/pcores/top_sumador_v1_00_a/devl/projnav/test_sumador.vhd" Line 81
# step
Stopped at time : 384 ns : File "//Vboxsvr/se/ws/practica3/pcores/top_sumador_v1_00_a/devl/projnav/test_sumador.vhd" Line 78
# step
Stopped at time : 384 ns : File "//Vboxsvr/se/ws/practica3/pcores/top_sumador_v1_00_a/devl/projnav/test_sumador.vhd" Line 79
# step
Stopped at time : 385 ns : File "//Vboxsvr/se/ws/practica3/pcores/top_sumador_v1_00_a/devl/projnav/test_sumador.vhd" Line 80
# step
Stopped at time : 385 ns : File "//Vboxsvr/se/ws/practica3/pcores/top_sumador_v1_00_a/devl/projnav/test_sumador.vhd" Line 81
# step
Stopped at time : 386 ns : File "//Vboxsvr/se/ws/practica3/pcores/top_sumador_v1_00_a/devl/projnav/test_sumador.vhd" Line 143
# step
Stopped at time : 386 ns : File "//Vboxsvr/se/ws/practica3/pcores/top_sumador_v1_00_a/devl/projnav/test_sumador.vhd" Line 144
# step
Stopped at time : 386 ns : File "//Vboxsvr/se/ws/practica3/pcores/top_sumador_v1_00_a/devl/projnav/test_sumador.vhd" Line 78
# step
Stopped at time : 386 ns : File "//Vboxsvr/se/ws/practica3/pcores/top_sumador_v1_00_a/devl/projnav/test_sumador.vhd" Line 79
# step
Stopped at time : 387 ns : File "//Vboxsvr/se/ws/practica3/pcores/top_sumador_v1_00_a/devl/projnav/test_sumador.vhd" Line 80
# step
Stopped at time : 387 ns : File "//Vboxsvr/se/ws/practica3/pcores/top_sumador_v1_00_a/devl/projnav/test_sumador.vhd" Line 81
# step
Stopped at time : 388 ns : File "//Vboxsvr/se/ws/practica3/pcores/top_sumador_v1_00_a/devl/projnav/test_sumador.vhd" Line 78
# step
Stopped at time : 388 ns : File "//Vboxsvr/se/ws/practica3/pcores/top_sumador_v1_00_a/devl/projnav/test_sumador.vhd" Line 79
# step
Stopped at time : 389 ns : File "//Vboxsvr/se/ws/practica3/pcores/top_sumador_v1_00_a/devl/projnav/test_sumador.vhd" Line 80
# step
Stopped at time : 389 ns : File "//Vboxsvr/se/ws/practica3/pcores/top_sumador_v1_00_a/devl/projnav/test_sumador.vhd" Line 81
# step
Stopped at time : 390 ns : File "//Vboxsvr/se/ws/practica3/pcores/top_sumador_v1_00_a/devl/projnav/test_sumador.vhd" Line 78
# step
Stopped at time : 390 ns : File "//Vboxsvr/se/ws/practica3/pcores/top_sumador_v1_00_a/devl/projnav/test_sumador.vhd" Line 79
# step
Stopped at time : 391 ns : File "//Vboxsvr/se/ws/practica3/pcores/top_sumador_v1_00_a/devl/projnav/test_sumador.vhd" Line 80
# step
Stopped at time : 391 ns : File "//Vboxsvr/se/ws/practica3/pcores/top_sumador_v1_00_a/devl/projnav/test_sumador.vhd" Line 81
# step
Stopped at time : 392 ns : File "//Vboxsvr/se/ws/practica3/pcores/top_sumador_v1_00_a/devl/projnav/test_sumador.vhd" Line 78
# step
Stopped at time : 392 ns : File "//Vboxsvr/se/ws/practica3/pcores/top_sumador_v1_00_a/devl/projnav/test_sumador.vhd" Line 79
# step
Stopped at time : 393 ns : File "//Vboxsvr/se/ws/practica3/pcores/top_sumador_v1_00_a/devl/projnav/test_sumador.vhd" Line 80
# step
Stopped at time : 393 ns : File "//Vboxsvr/se/ws/practica3/pcores/top_sumador_v1_00_a/devl/projnav/test_sumador.vhd" Line 81
# step
Stopped at time : 394 ns : File "//Vboxsvr/se/ws/practica3/pcores/top_sumador_v1_00_a/devl/projnav/test_sumador.vhd" Line 78
# step
Stopped at time : 394 ns : File "//Vboxsvr/se/ws/practica3/pcores/top_sumador_v1_00_a/devl/projnav/test_sumador.vhd" Line 79
# step
Stopped at time : 395 ns : File "//Vboxsvr/se/ws/practica3/pcores/top_sumador_v1_00_a/devl/projnav/test_sumador.vhd" Line 80
# step
Stopped at time : 395 ns : File "//Vboxsvr/se/ws/practica3/pcores/top_sumador_v1_00_a/devl/projnav/test_sumador.vhd" Line 81
# step
Stopped at time : 396 ns : File "//Vboxsvr/se/ws/practica3/pcores/top_sumador_v1_00_a/devl/projnav/test_sumador.vhd" Line 78
# step
Stopped at time : 396 ns : File "//Vboxsvr/se/ws/practica3/pcores/top_sumador_v1_00_a/devl/projnav/test_sumador.vhd" Line 79
# step
Stopped at time : 397 ns : File "//Vboxsvr/se/ws/practica3/pcores/top_sumador_v1_00_a/devl/projnav/test_sumador.vhd" Line 80
# step
Stopped at time : 397 ns : File "//Vboxsvr/se/ws/practica3/pcores/top_sumador_v1_00_a/devl/projnav/test_sumador.vhd" Line 81
# step
Stopped at time : 398 ns : File "//Vboxsvr/se/ws/practica3/pcores/top_sumador_v1_00_a/devl/projnav/test_sumador.vhd" Line 78
# step
Stopped at time : 398 ns : File "//Vboxsvr/se/ws/practica3/pcores/top_sumador_v1_00_a/devl/projnav/test_sumador.vhd" Line 79
# step
Stopped at time : 399 ns : File "//Vboxsvr/se/ws/practica3/pcores/top_sumador_v1_00_a/devl/projnav/test_sumador.vhd" Line 80
# step
Stopped at time : 399 ns : File "//Vboxsvr/se/ws/practica3/pcores/top_sumador_v1_00_a/devl/projnav/test_sumador.vhd" Line 81
# step
Stopped at time : 400 ns : File "//Vboxsvr/se/ws/practica3/pcores/top_sumador_v1_00_a/devl/projnav/test_sumador.vhd" Line 78
# step
Stopped at time : 400 ns : File "//Vboxsvr/se/ws/practica3/pcores/top_sumador_v1_00_a/devl/projnav/test_sumador.vhd" Line 79
# step
Stopped at time : 401 ns : File "//Vboxsvr/se/ws/practica3/pcores/top_sumador_v1_00_a/devl/projnav/test_sumador.vhd" Line 80
# step
Stopped at time : 401 ns : File "//Vboxsvr/se/ws/practica3/pcores/top_sumador_v1_00_a/devl/projnav/test_sumador.vhd" Line 81
# step
Stopped at time : 402 ns : File "//Vboxsvr/se/ws/practica3/pcores/top_sumador_v1_00_a/devl/projnav/test_sumador.vhd" Line 78
# step
Stopped at time : 402 ns : File "//Vboxsvr/se/ws/practica3/pcores/top_sumador_v1_00_a/devl/projnav/test_sumador.vhd" Line 79
# step
Stopped at time : 403 ns : File "//Vboxsvr/se/ws/practica3/pcores/top_sumador_v1_00_a/devl/projnav/test_sumador.vhd" Line 80
# step
Stopped at time : 403 ns : File "//Vboxsvr/se/ws/practica3/pcores/top_sumador_v1_00_a/devl/projnav/test_sumador.vhd" Line 81
# step
Stopped at time : 404 ns : File "//Vboxsvr/se/ws/practica3/pcores/top_sumador_v1_00_a/devl/projnav/test_sumador.vhd" Line 78
# step
Stopped at time : 404 ns : File "//Vboxsvr/se/ws/practica3/pcores/top_sumador_v1_00_a/devl/projnav/test_sumador.vhd" Line 79
# step
Stopped at time : 405 ns : File "//Vboxsvr/se/ws/practica3/pcores/top_sumador_v1_00_a/devl/projnav/test_sumador.vhd" Line 80
# step
Stopped at time : 405 ns : File "//Vboxsvr/se/ws/practica3/pcores/top_sumador_v1_00_a/devl/projnav/test_sumador.vhd" Line 81
# step
Stopped at time : 406 ns : File "//Vboxsvr/se/ws/practica3/pcores/top_sumador_v1_00_a/devl/projnav/test_sumador.vhd" Line 146
# step
Stopped at time : 406 ns : File "//Vboxsvr/se/ws/practica3/pcores/top_sumador_v1_00_a/devl/projnav/test_sumador.vhd" Line 78
# step
Stopped at time : 406 ns : File "//Vboxsvr/se/ws/practica3/pcores/top_sumador_v1_00_a/devl/projnav/test_sumador.vhd" Line 79
# step
Stopped at time : 407 ns : File "//Vboxsvr/se/ws/practica3/pcores/top_sumador_v1_00_a/devl/projnav/test_sumador.vhd" Line 80
# step
Stopped at time : 407 ns : File "//Vboxsvr/se/ws/practica3/pcores/top_sumador_v1_00_a/devl/projnav/test_sumador.vhd" Line 81
# step
Stopped at time : 408 ns : File "//Vboxsvr/se/ws/practica3/pcores/top_sumador_v1_00_a/devl/projnav/test_sumador.vhd" Line 78
# step
Stopped at time : 408 ns : File "//Vboxsvr/se/ws/practica3/pcores/top_sumador_v1_00_a/devl/projnav/test_sumador.vhd" Line 79
# step
Stopped at time : 409 ns : File "//Vboxsvr/se/ws/practica3/pcores/top_sumador_v1_00_a/devl/projnav/test_sumador.vhd" Line 80
# step
Stopped at time : 409 ns : File "//Vboxsvr/se/ws/practica3/pcores/top_sumador_v1_00_a/devl/projnav/test_sumador.vhd" Line 81
# step
Stopped at time : 410 ns : File "//Vboxsvr/se/ws/practica3/pcores/top_sumador_v1_00_a/devl/projnav/test_sumador.vhd" Line 78
# step
Stopped at time : 410 ns : File "//Vboxsvr/se/ws/practica3/pcores/top_sumador_v1_00_a/devl/projnav/test_sumador.vhd" Line 79
# step
Stopped at time : 411 ns : File "//Vboxsvr/se/ws/practica3/pcores/top_sumador_v1_00_a/devl/projnav/test_sumador.vhd" Line 80
# step
Stopped at time : 411 ns : File "//Vboxsvr/se/ws/practica3/pcores/top_sumador_v1_00_a/devl/projnav/test_sumador.vhd" Line 81
# step
Stopped at time : 412 ns : File "//Vboxsvr/se/ws/practica3/pcores/top_sumador_v1_00_a/devl/projnav/test_sumador.vhd" Line 78
