Release 14.1 Xflow P.15xf (nt)
Copyright (c) 1995-2012 Xilinx, Inc.  All rights reserved.
xflow.exe -wd implementation -p xc3s1000ft256-5 -implement xflow.opt
skeleton.ngc  
PMSPEC -- Overriding Xilinx file
<C:/Xilinx/14.1/ISE_DS/EDK/spartan3/data/spartan3.acd> with local file
<C:/Xilinx/14.1/ISE_DS/ISE/spartan3/data/spartan3.acd>

Using Flow File: N:/ws/skeleton_edk_14.1/implementation/fpga.flw 
Using Option File(s): 
 N:/ws/skeleton_edk_14.1/implementation/xflow.opt 

Creating Script File ... 

#----------------------------------------------#
# Starting program ngdbuild
# ngdbuild -p xc3s1000ft256-5 -nt timestamp -bm skeleton.bmm
"N:/ws/skeleton_edk_14.1/implementation/skeleton.ngc" -uc skeleton.ucf
skeleton.ngd 
#----------------------------------------------#
Release 14.1 - ngdbuild P.15xf (nt)
Copyright (c) 1995-2012 Xilinx, Inc.  All rights reserved.
PMSPEC -- Overriding Xilinx file
<C:/Xilinx/14.1/ISE_DS/EDK/spartan3/data/spartan3.acd> with local file
<C:/Xilinx/14.1/ISE_DS/ISE/spartan3/data/spartan3.acd>

Command Line: C:\Xilinx\14.1\ISE_DS\ISE\bin\nt\unwrapped\ngdbuild.exe -p
xc3s1000ft256-5 -nt timestamp -bm skeleton.bmm
N:/ws/skeleton_edk_14.1/implementation/skeleton.ngc -uc skeleton.ucf
skeleton.ngd

Reading NGO file "N:/ws/skeleton_edk_14.1/implementation/skeleton.ngc" ...
Loading design module
"N:/ws/skeleton_edk_14.1/implementation/skeleton_microblaze_0_wrapper.ngc"...
Loading design module
"N:/ws/skeleton_edk_14.1/implementation/skeleton_plb_v46_0_wrapper.ngc"...
Loading design module
"N:/ws/skeleton_edk_14.1/implementation/skeleton_xps_bram_if_cntlr_0_wrapper.ngc
"...
Loading design module
"N:/ws/skeleton_edk_14.1/implementation/skeleton_bram_block_0_wrapper.ngc"...
Loading design module
"N:/ws/skeleton_edk_14.1/implementation/skeleton_xps_gpio_0_wrapper.ngc"...
Loading design module
"N:/ws/skeleton_edk_14.1/implementation/skeleton_xps_gpio_1_wrapper.ngc"...
Loading design module
"N:/ws/skeleton_edk_14.1/implementation/skeleton_xps_uartlite_0_wrapper.ngc"...
Gathering constraint information from source properties...
Done.

Annotating constraints to design from ucf file "skeleton.ucf" ...
Resolving constraint associations...
Checking Constraint Associations...
ERROR:ConstraintSystem:59 - Constraint <NET Rst_Pin<1> LOC=K4;>
   [skeleton.ucf(18)]: NET "Rst_Pin<1>" not found.  Please verify that:
   1. The specified design element actually exists in the original design.
   2. The specified object is spelled correctly in the constraint source file.

WARNING:ConstraintSystem - A target design object for the Locate constraint
   '<NET Rst_Pin<1> LOC=K4;> [skeleton.ucf(18)]' could not be found and so the
   Locate constraint will be removed.

Done...

Processing BMM file "skeleton.bmm" ...

Checking expanded design ...
WARNING:NgdBuild:443 - SFF primitive
   'microblaze_0/microblaze_0/MicroBlaze_Core_I/Performance.Decode_I/Using_FPGA.
   Gen_Bits[31].MEM_EX_Result_Inst' has unconnected output pin
WARNING:NgdBuild:443 - SFF primitive
   'microblaze_0/microblaze_0/MicroBlaze_Core_I/Performance.Decode_I/Using_FPGA.
   Gen_Bits[30].MEM_EX_Result_Inst' has unconnected output pin
WARNING:NgdBuild:443 - SFF primitive
   'microblaze_0/microblaze_0/MicroBlaze_Core_I/Performance.Decode_I/Using_FPGA.
   Gen_Bits[29].MEM_EX_Result_Inst' has unconnected output pin
WARNING:NgdBuild:443 - SFF primitive
   'microblaze_0/microblaze_0/MicroBlaze_Core_I/Performance.Decode_I/Using_FPGA.
   Gen_Bits[28].MEM_EX_Result_Inst' has unconnected output pin
WARNING:NgdBuild:443 - SFF primitive
   'microblaze_0/microblaze_0/MicroBlaze_Core_I/Performance.Decode_I/Using_FPGA.
   Gen_Bits[27].MEM_EX_Result_Inst' has unconnected output pin

Partition Implementation Status
-------------------------------

  No Partitions were found in this design.

-------------------------------

NGDBUILD Design Results Summary:
  Number of errors:     1
  Number of warnings:   6

Total REAL time to NGDBUILD completion:  15 sec
Total CPU time to NGDBUILD completion:   15 sec

One or more errors were found during NGDBUILD.  No NGD file will be written.

Writing NGDBUILD log file "skeleton.bld"...
ERROR:Xflow - Program ngdbuild returned error code 2. Aborting flow execution...
