--------------------------------------------------------------------------------
Release 14.1 Trace  (nt)
Copyright (c) 1995-2012 Xilinx, Inc.  All rights reserved.

C:\Xilinx\14.1\ISE_DS\ISE\bin\nt\unwrapped\trce.exe -e 3 -xml practica3.twx
practica3.ncd practica3.pcf

Design file:              practica3.ncd
Physical constraint file: practica3.pcf
Device,package,speed:     xc3s1000,ft256,-5 (PRODUCTION 1.39 2012-04-23)
Report level:             error report

Environment Variable      Effect 
--------------------      ------ 
NONE                      No environment variables were set
--------------------------------------------------------------------------------

INFO:Timing:2698 - No timing constraints found, doing default enumeration.
INFO:Timing:3412 - To improve timing, see the Timing Closure User Guide (UG612).
INFO:Timing:2752 - To get complete path coverage, use the unconstrained paths 
   option. All paths that are not constrained will be reported in the 
   unconstrained paths section(s) of the report.
INFO:Timing:3339 - The clock-to-out numbers in this timing report are based on 
   a 50 Ohm transmission line loading model.  For the details of this model, 
   and for more information on accounting for different loading conditions, 
   please see the device datasheet.
INFO:Timing:3390 - This architecture does not support a default System Jitter 
   value, please add SYSTEM_JITTER constraint to the UCF to modify the Clock 
   Uncertainty calculation.
INFO:Timing:3389 - This architecture does not support 'Discrete Jitter' and 
   'Phase Error' calculations, these terms will be zero in the Clock 
   Uncertainty calculation.  Please make appropriate modification to 
   SYSTEM_JITTER to account for the unsupported Discrete Jitter and Phase 
   Error.



Data Sheet report:
-----------------
All values displayed in nanoseconds (ns)

Setup/Hold to clock Clk_pin
------------+------------+------------+------------------+--------+
            |Max Setup to|Max Hold to |                  | Clock  |
Source      | clk (edge) | clk (edge) |Internal Clock(s) | Phase  |
------------+------------+------------+------------------+--------+
RX_pin      |    3.342(R)|   -1.221(R)|Clk_pin_BUFGP     |   0.000|
Rst_pin     |    3.336(R)|   -0.018(R)|Clk_pin_BUFGP     |   0.000|
------------+------------+------------+------------------+--------+

Clock Clk_pin to Pad
------------+------------+------------------+--------+
            | clk (edge) |                  | Clock  |
Destination |   to PAD   |Internal Clock(s) | Phase  |
------------+------------+------------------+--------+
TX_pin      |    6.523(R)|Clk_pin_BUFGP     |   0.000|
leds<0>     |   12.751(R)|Clk_pin_BUFGP     |   0.000|
leds<1>     |   11.405(R)|Clk_pin_BUFGP     |   0.000|
leds<2>     |   12.400(R)|Clk_pin_BUFGP     |   0.000|
leds<3>     |   12.384(R)|Clk_pin_BUFGP     |   0.000|
leds<4>     |   12.743(R)|Clk_pin_BUFGP     |   0.000|
leds<5>     |   13.397(R)|Clk_pin_BUFGP     |   0.000|
leds<6>     |   11.982(R)|Clk_pin_BUFGP     |   0.000|
leds<7>     |   12.515(R)|Clk_pin_BUFGP     |   0.000|
------------+------------+------------------+--------+

Clock to Setup on destination clock Clk_pin
---------------+---------+---------+---------+---------+
               | Src:Rise| Src:Fall| Src:Rise| Src:Fall|
Source Clock   |Dest:Rise|Dest:Rise|Dest:Fall|Dest:Fall|
---------------+---------+---------+---------+---------+
Clk_pin        |   10.320|         |         |         |
---------------+---------+---------+---------+---------+

Pad to Pad
---------------+---------------+---------+
Source Pad     |Destination Pad|  Delay  |
---------------+---------------+---------+
switches<0>    |leds<0>        |   10.706|
switches<0>    |leds<1>        |   11.209|
switches<0>    |leds<2>        |   10.860|
switches<0>    |leds<3>        |   11.262|
switches<0>    |leds<4>        |   11.757|
switches<0>    |leds<5>        |   11.589|
switches<0>    |leds<6>        |   11.381|
switches<0>    |leds<7>        |   12.694|
switches<2>    |leds<0>        |   12.365|
switches<2>    |leds<1>        |   10.923|
switches<2>    |leds<2>        |   11.837|
switches<2>    |leds<3>        |   11.796|
switches<2>    |leds<4>        |   12.549|
switches<2>    |leds<5>        |   13.023|
switches<2>    |leds<6>        |   12.607|
switches<2>    |leds<7>        |   13.041|
switches<3>    |leds<0>        |   11.681|
switches<3>    |leds<1>        |   11.322|
switches<3>    |leds<2>        |   11.828|
switches<3>    |leds<3>        |   11.869|
switches<3>    |leds<4>        |   12.402|
switches<3>    |leds<5>        |   13.002|
switches<3>    |leds<6>        |   11.498|
switches<3>    |leds<7>        |   12.205|
---------------+---------------+---------+


Analysis completed Mon Nov 28 23:54:16 2022 
--------------------------------------------------------------------------------

Trace Settings:
-------------------------
Trace Settings 

Peak Memory Usage: 154 MB



