Release 14.1 Map P.15xf (nt)
Xilinx Mapping Report File for Design 'proyfinal'

Design Information
------------------
Command Line   : map -o proyfinal_map.ncd -pr b -ol high -timing -detail
proyfinal.ngd proyfinal.pcf 
Target Device  : xc3s1000
Target Package : ft256
Target Speed   : -5
Mapper Version : spartan3 -- $Revision: 1.55 $
Mapped Date    : Mon Jan 23 01:22:06 2023

Design Summary
--------------
Number of errors   :   6
Number of warnings :   0

Section 1 - Errors
------------------
ERROR:Pack:2811 - Directed packing was unable to obey the user design
   constraints (LOC=G2) which requires the combination of the symbols listed
   below to be packed into a single IOB component.

   The directed pack was not possible because: More than one pad symbol.
   The symbols involved are:
   	BUF symbol "lcd_data_1_OBUF" (Output Signal = lcd_data<1>)
   	PAD symbol "lcd_data<1>" (Pad Signal = lcd_data<1>)
   	PAD symbol "top_banner_0_row_clk_pin" (Pad Signal =
   top_banner_0_row_clk_pin)
ERROR:Pack:2811 - Directed packing was unable to obey the user design
   constraints (LOC=H1) which requires the combination of the symbols listed
   below to be packed into a single IOB component.

   The directed pack was not possible because: More than one pad symbol.
   The symbols involved are:
   	BUF symbol "lcd_e_OBUF" (Output Signal = lcd_e)
   	PAD symbol "lcd_e" (Pad Signal = lcd_e)
   	PAD symbol "top_banner_0_reset_out_pin" (Pad Signal =
   top_banner_0_reset_out_pin)
   	PAD symbol "top_leds_0_green_pin" (Pad Signal = top_leds_0_green_pin)
ERROR:Pack:2811 - Directed packing was unable to obey the user design
   constraints (LOC=H3) which requires the combination of the symbols listed
   below to be packed into a single IOB component.

   The directed pack was not possible because: More than one pad symbol.
   The symbols involved are:
   	BUF symbol "lcd_data_0_OBUF" (Output Signal = lcd_data<0>)
   	PAD symbol "lcd_data<0>" (Pad Signal = lcd_data<0>)
   	PAD symbol "top_banner_0_row_serial_out_pin" (Pad Signal =
   top_banner_0_row_serial_out_pin)
ERROR:Pack:2811 - Directed packing was unable to obey the user design
   constraints (LOC=J1) which requires the combination of the symbols listed
   below to be packed into a single IOB component.

   The directed pack was not possible because: More than one pad symbol.
   The symbols involved are:
   	BUF symbol "top_banner_0_col_clk_pin_OBUF" (Output Signal =
   top_banner_0_col_clk_pin)
   	PAD symbol "top_banner_0_col_clk_pin" (Pad Signal =
   top_banner_0_col_clk_pin)
   	PAD symbol "top_leds_0_blue_pin" (Pad Signal = top_leds_0_blue_pin)
   	PAD symbol "lcd_rw" (Pad Signal = lcd_rw)
ERROR:Pack:2811 - Directed packing was unable to obey the user design
   constraints (LOC=K15) which requires the combination of the symbols listed
   below to be packed into a single IOB component.

   The directed pack was not possible because: More than one pad symbol.
   The symbols involved are:
   	BUF symbol "lcd_data_2_OBUF" (Output Signal = lcd_data<2>)
   	PAD symbol "lcd_data<2>" (Pad Signal = lcd_data<2>)
   	PAD symbol "top_banner_0_reset2_out_pin" (Pad Signal =
   top_banner_0_reset2_out_pin)
ERROR:Pack:2811 - Directed packing was unable to obey the user design
   constraints (LOC=P12) which requires the combination of the symbols listed
   below to be packed into a single IOB component.

   The directed pack was not possible because: More than one pad symbol.
   The symbols involved are:
   	BUF symbol "top_leds_0_red_pin_OBUF" (Output Signal = top_leds_0_red_pin)
   	PAD symbol "top_leds_0_red_pin" (Pad Signal = top_leds_0_red_pin)
   	PAD symbol "top_banner_0_col_serial_out_pin" (Pad Signal =
   top_banner_0_col_serial_out_pin)
   	PAD symbol "lcd_rs" (Pad Signal = lcd_rs)

Section 2 - Warnings
--------------------

Section 3 - Informational
-------------------------
INFO:LIT:243 - Logical network plb_v46_0_PLB_MBusy<0> has no load.
INFO:LIT:243 - Logical network plb_v46_0_PLB_MBusy<1> has no load.
INFO:LIT:243 - Logical network plb_v46_0_PLB_MIRQ<0> has no load.
INFO:LIT:243 - Logical network plb_v46_0_PLB_MIRQ<1> has no load.
INFO:LIT:243 - Logical network plb_v46_0_PLB_MRdBTerm<0> has no load.
INFO:LIT:243 - Logical network plb_v46_0_PLB_MRdBTerm<1> has no load.
INFO:LIT:243 - Logical network plb_v46_0_PLB_MRdErr<0> has no load.
INFO:LIT:243 - Logical network plb_v46_0_PLB_MRdErr<1> has no load.
INFO:LIT:243 - Logical network plb_v46_0_PLB_MRdWdAddr<0> has no load.
INFO:LIT:243 - Logical network plb_v46_0_PLB_MRdWdAddr<1> has no load.
INFO:LIT:243 - Logical network plb_v46_0_PLB_MRdWdAddr<2> has no load.
INFO:LIT:243 - Logical network plb_v46_0_PLB_MRdWdAddr<3> has no load.
INFO:LIT:243 - Logical network plb_v46_0_PLB_MRearbitrate<0> has no load.
INFO:LIT:243 - Logical network plb_v46_0_PLB_MRearbitrate<1> has no load.
INFO:LIT:243 - Logical network plb_v46_0_PLB_MSSize<0> has no load.
INFO:LIT:243 - Logical network plb_v46_0_PLB_MSSize<1> has no load.
INFO:LIT:243 - Logical network plb_v46_0_PLB_MSSize<2> has no load.
INFO:LIT:243 - Logical network plb_v46_0_PLB_MSSize<3> has no load.
INFO:LIT:243 - Logical network plb_v46_0_PLB_MSize<0> has no load.
INFO:LIT:243 - Logical network plb_v46_0_PLB_MSize<1> has no load.
INFO:LIT:243 - Logical network plb_v46_0_PLB_MWrBTerm<0> has no load.
INFO:LIT:243 - Logical network plb_v46_0_PLB_MWrBTerm<1> has no load.
INFO:LIT:243 - Logical network plb_v46_0_PLB_MWrErr<0> has no load.
INFO:LIT:243 - Logical network plb_v46_0_PLB_MWrErr<1> has no load.
INFO:LIT:243 - Logical network plb_v46_0_PLB_TAttribute<0> has no load.
INFO:LIT:243 - Logical network plb_v46_0_PLB_TAttribute<10> has no load.
INFO:LIT:243 - Logical network plb_v46_0_PLB_TAttribute<11> has no load.
INFO:LIT:243 - Logical network plb_v46_0_PLB_TAttribute<12> has no load.
INFO:LIT:243 - Logical network plb_v46_0_PLB_TAttribute<13> has no load.
INFO:LIT:243 - Logical network plb_v46_0_PLB_TAttribute<14> has no load.
INFO:LIT:243 - Logical network plb_v46_0_PLB_TAttribute<15> has no load.
INFO:LIT:243 - Logical network plb_v46_0_PLB_TAttribute<1> has no load.
INFO:LIT:243 - Logical network plb_v46_0_PLB_TAttribute<2> has no load.
INFO:LIT:243 - Logical network plb_v46_0_PLB_TAttribute<3> has no load.
INFO:LIT:243 - Logical network plb_v46_0_PLB_TAttribute<4> has no load.
INFO:LIT:243 - Logical network plb_v46_0_PLB_TAttribute<5> has no load.
INFO:LIT:243 - Logical network plb_v46_0_PLB_TAttribute<6> has no load.
INFO:LIT:243 - Logical network plb_v46_0_PLB_TAttribute<7> has no load.
INFO:LIT:243 - Logical network plb_v46_0_PLB_TAttribute<8> has no load.
INFO:LIT:243 - Logical network plb_v46_0_PLB_TAttribute<9> has no load.
INFO:LIT:243 - Logical network plb_v46_0_PLB_UABus<0> has no load.
INFO:LIT:243 - Logical network plb_v46_0_PLB_UABus<10> has no load.
INFO:LIT:243 - Logical network plb_v46_0_PLB_UABus<11> has no load.
INFO:LIT:243 - Logical network plb_v46_0_PLB_UABus<12> has no load.
INFO:LIT:243 - Logical network plb_v46_0_PLB_UABus<13> has no load.
INFO:LIT:243 - Logical network plb_v46_0_PLB_UABus<14> has no load.
INFO:LIT:243 - Logical network plb_v46_0_PLB_UABus<15> has no load.
INFO:LIT:243 - Logical network plb_v46_0_PLB_UABus<16> has no load.
INFO:LIT:243 - Logical network plb_v46_0_PLB_UABus<17> has no load.
INFO:LIT:243 - Logical network plb_v46_0_PLB_UABus<18> has no load.
INFO:LIT:243 - Logical network plb_v46_0_PLB_UABus<19> has no load.
INFO:LIT:243 - Logical network plb_v46_0_PLB_UABus<1> has no load.
INFO:LIT:243 - Logical network plb_v46_0_PLB_UABus<20> has no load.
INFO:LIT:243 - Logical network plb_v46_0_PLB_UABus<21> has no load.
INFO:LIT:243 - Logical network plb_v46_0_PLB_UABus<22> has no load.
INFO:LIT:243 - Logical network plb_v46_0_PLB_UABus<23> has no load.
INFO:LIT:243 - Logical network plb_v46_0_PLB_UABus<24> has no load.
INFO:LIT:243 - Logical network plb_v46_0_PLB_UABus<25> has no load.
INFO:LIT:243 - Logical network plb_v46_0_PLB_UABus<26> has no load.
INFO:LIT:243 - Logical network plb_v46_0_PLB_UABus<27> has no load.
INFO:LIT:243 - Logical network plb_v46_0_PLB_UABus<28> has no load.
INFO:LIT:243 - Logical network plb_v46_0_PLB_UABus<29> has no load.
INFO:LIT:243 - Logical network plb_v46_0_PLB_UABus<2> has no load.
INFO:LIT:243 - Logical network plb_v46_0_PLB_UABus<30> has no load.
INFO:LIT:243 - Logical network plb_v46_0_PLB_UABus<31> has no load.
INFO:LIT:243 - Logical network plb_v46_0_PLB_UABus<3> has no load.
INFO:LIT:243 - Logical network plb_v46_0_PLB_UABus<4> has no load.
INFO:LIT:243 - Logical network plb_v46_0_PLB_UABus<5> has no load.
INFO:LIT:243 - Logical network plb_v46_0_PLB_UABus<6> has no load.
INFO:LIT:243 - Logical network plb_v46_0_PLB_UABus<7> has no load.
INFO:LIT:243 - Logical network plb_v46_0_PLB_UABus<8> has no load.
INFO:LIT:243 - Logical network plb_v46_0_PLB_UABus<9> has no load.
INFO:LIT:243 - Logical network plb_v46_0_PLB_busLock has no load.
INFO:LIT:243 - Logical network plb_v46_0_PLB_lockErr has no load.
INFO:LIT:243 - Logical network plb_v46_0_PLB_rdBurst has no load.
INFO:LIT:243 - Logical network plb_v46_0_PLB_rdPendPri<0> has no load.
INFO:LIT:243 - Logical network plb_v46_0_PLB_rdPendPri<1> has no load.
INFO:LIT:243 - Logical network plb_v46_0_PLB_rdPendReq has no load.
INFO:LIT:243 - Logical network plb_v46_0_PLB_rdPrim<0> has no load.
INFO:LIT:243 - Logical network plb_v46_0_PLB_wrBurst has no load.
INFO:LIT:243 - Logical network plb_v46_0_PLB_wrPendPri<0> has no load.
INFO:LIT:243 - Logical network plb_v46_0_PLB_wrPendPri<1> has no load.
INFO:LIT:243 - Logical network plb_v46_0_PLB_wrPendReq has no load.
INFO:LIT:243 - Logical network plb_v46_0_PLB_wrPrim<0> has no load.
INFO:LIT:243 - Logical network xps_bram_if_cntlr_0_PORTA_BRAM_Addr<0> has no
   load.
INFO:LIT:243 - Logical network xps_bram_if_cntlr_0_PORTA_BRAM_Addr<10> has no
   load.
INFO:LIT:243 - Logical network xps_bram_if_cntlr_0_PORTA_BRAM_Addr<11> has no
   load.
INFO:LIT:243 - Logical network xps_bram_if_cntlr_0_PORTA_BRAM_Addr<12> has no
   load.
INFO:LIT:243 - Logical network xps_bram_if_cntlr_0_PORTA_BRAM_Addr<13> has no
   load.
INFO:LIT:243 - Logical network xps_bram_if_cntlr_0_PORTA_BRAM_Addr<14> has no
   load.
INFO:LIT:243 - Logical network xps_bram_if_cntlr_0_PORTA_BRAM_Addr<15> has no
   load.
INFO:LIT:243 - Logical network xps_bram_if_cntlr_0_PORTA_BRAM_Addr<16> has no
   load.
INFO:LIT:243 - Logical network xps_bram_if_cntlr_0_PORTA_BRAM_Addr<1> has no
   load.
INFO:LIT:243 - Logical network xps_bram_if_cntlr_0_PORTA_BRAM_Addr<2> has no
   load.
INFO:LIT:243 - Logical network xps_bram_if_cntlr_0_PORTA_BRAM_Addr<30> has no
   load.
INFO:LIT:243 - Logical network xps_bram_if_cntlr_0_PORTA_BRAM_Addr<31> has no
   load.
INFO:LIT:243 - Logical network xps_bram_if_cntlr_0_PORTA_BRAM_Addr<3> has no
   load.
INFO:LIT:243 - Logical network xps_bram_if_cntlr_0_PORTA_BRAM_Addr<4> has no
   load.
INFO:LIT:243 - Logical network xps_bram_if_cntlr_0_PORTA_BRAM_Addr<5> has no
   load.
INFO:LIT:243 - Logical network xps_bram_if_cntlr_0_PORTA_BRAM_Addr<6> has no
   load.
INFO:LIT:243 - Logical network xps_bram_if_cntlr_0_PORTA_BRAM_Addr<7> has no
   load.
INFO:LIT:243 - Logical network xps_bram_if_cntlr_0_PORTA_BRAM_Addr<8> has no
   load.
INFO:LIT:243 - Logical network xps_bram_if_cntlr_0_PORTA_BRAM_Addr<9> has no
   load.
INFO:LIT:243 - Logical network microblaze_0/microblaze_0/LOCKSTEP_Out<111> has
   no load.
INFO:LIT:243 - Logical network microblaze_0/microblaze_0/LOCKSTEP_Out<185> has
   no load.
INFO:LIT:243 - Logical network microblaze_0/microblaze_0/LOCKSTEP_Out<118> has
   no load.
INFO:LIT:243 - Logical network microblaze_0/microblaze_0/LOCKSTEP_Out<119> has
   no load.
INFO:LIT:243 - Logical network microblaze_0/microblaze_0/LOCKSTEP_Out<120> has
   no load.
INFO:LIT:243 - Logical network microblaze_0/microblaze_0/LOCKSTEP_Out<121> has
   no load.
INFO:LIT:243 - Logical network microblaze_0/microblaze_0/LOCKSTEP_Out<122> has
   no load.
INFO:LIT:243 - Logical network microblaze_0/microblaze_0/LOCKSTEP_Out<123> has
   no load.
INFO:LIT:243 - Logical network microblaze_0/microblaze_0/LOCKSTEP_Out<124> has
   no load.
INFO:LIT:243 - Logical network microblaze_0/microblaze_0/LOCKSTEP_Out<125> has
   no load.
INFO:LIT:243 - Logical network microblaze_0/microblaze_0/LOCKSTEP_Out<126> has
   no load.
INFO:LIT:243 - Logical network microblaze_0/microblaze_0/LOCKSTEP_Out<127> has
   no load.
INFO:LIT:243 - Logical network microblaze_0/microblaze_0/LOCKSTEP_Out<128> has
   no load.
INFO:LIT:243 - Logical network microblaze_0/microblaze_0/LOCKSTEP_Out<129> has
   no load.
INFO:LIT:243 - Logical network microblaze_0/microblaze_0/LOCKSTEP_Out<130> has
   no load.
INFO:LIT:243 - Logical network microblaze_0/microblaze_0/LOCKSTEP_Out<131> has
   no load.
INFO:LIT:243 - Logical network microblaze_0/microblaze_0/LOCKSTEP_Out<132> has
   no load.
INFO:LIT:243 - Logical network microblaze_0/microblaze_0/LOCKSTEP_Out<133> has
   no load.
INFO:LIT:243 - Logical network microblaze_0/microblaze_0/LOCKSTEP_Out<134> has
   no load.
INFO:LIT:243 - Logical network microblaze_0/microblaze_0/LOCKSTEP_Out<135> has
   no load.
INFO:LIT:243 - Logical network microblaze_0/microblaze_0/LOCKSTEP_Out<136> has
   no load.
INFO:LIT:243 - Logical network microblaze_0/microblaze_0/LOCKSTEP_Out<137> has
   no load.
INFO:LIT:243 - Logical network microblaze_0/microblaze_0/LOCKSTEP_Out<138> has
   no load.
INFO:LIT:243 - Logical network microblaze_0/microblaze_0/LOCKSTEP_Out<139> has
   no load.
INFO:LIT:243 - Logical network microblaze_0/microblaze_0/LOCKSTEP_Out<140> has
   no load.
INFO:LIT:243 - Logical network microblaze_0/microblaze_0/LOCKSTEP_Out<141> has
   no load.
INFO:LIT:243 - Logical network microblaze_0/microblaze_0/LOCKSTEP_Out<142> has
   no load.
INFO:LIT:243 - Logical network microblaze_0/microblaze_0/LOCKSTEP_Out<143> has
   no load.
INFO:LIT:243 - Logical network microblaze_0/microblaze_0/LOCKSTEP_Out<144> has
   no load.
INFO:LIT:243 - Logical network microblaze_0/microblaze_0/LOCKSTEP_Out<145> has
   no load.
INFO:LIT:243 - Logical network microblaze_0/microblaze_0/LOCKSTEP_Out<146> has
   no load.
INFO:LIT:243 - Logical network microblaze_0/microblaze_0/LOCKSTEP_Out<147> has
   no load.
INFO:LIT:243 - Logical network microblaze_0/microblaze_0/LOCKSTEP_Out<148> has
   no load.
INFO:LIT:243 - Logical network microblaze_0/microblaze_0/LOCKSTEP_Out<149> has
   no load.
INFO:LIT:243 - Logical network microblaze_0/microblaze_0/LOCKSTEP_Out<353> has
   no load.
INFO:LIT:243 - Logical network microblaze_0/microblaze_0/LOCKSTEP_Out<354> has
   no load.
INFO:LIT:243 - Logical network microblaze_0/microblaze_0/LOCKSTEP_Out<356> has
   no load.
INFO:LIT:243 - Logical network microblaze_0/microblaze_0/LOCKSTEP_Out<357> has
   no load.
INFO:LIT:243 - Logical network microblaze_0/microblaze_0/LOCKSTEP_Out<358> has
   no load.
INFO:LIT:243 - Logical network microblaze_0/microblaze_0/LOCKSTEP_Out<359> has
   no load.
INFO:LIT:243 - Logical network microblaze_0/microblaze_0/LOCKSTEP_Out<360> has
   no load.
INFO:LIT:243 - Logical network microblaze_0/microblaze_0/LOCKSTEP_Out<361> has
   no load.
INFO:LIT:243 - Logical network microblaze_0/microblaze_0/LOCKSTEP_Out<362> has
   no load.
INFO:LIT:243 - Logical network microblaze_0/microblaze_0/LOCKSTEP_Out<363> has
   no load.
INFO:LIT:243 - Logical network microblaze_0/microblaze_0/LOCKSTEP_Out<364> has
   no load.
INFO:LIT:243 - Logical network microblaze_0/microblaze_0/LOCKSTEP_Out<365> has
   no load.
INFO:LIT:243 - Logical network microblaze_0/microblaze_0/LOCKSTEP_Out<366> has
   no load.
INFO:LIT:243 - Logical network microblaze_0/microblaze_0/LOCKSTEP_Out<367> has
   no load.
INFO:LIT:243 - Logical network microblaze_0/microblaze_0/LOCKSTEP_Out<368> has
   no load.
INFO:LIT:243 - Logical network microblaze_0/microblaze_0/LOCKSTEP_Out<369> has
   no load.
INFO:LIT:243 - Logical network microblaze_0/microblaze_0/LOCKSTEP_Out<370> has
   no load.
INFO:LIT:243 - Logical network microblaze_0/microblaze_0/LOCKSTEP_Out<371> has
   no load.
INFO:LIT:243 - Logical network microblaze_0/microblaze_0/LOCKSTEP_Out<372> has
   no load.
INFO:LIT:243 - Logical network microblaze_0/microblaze_0/LOCKSTEP_Out<373> has
   no load.
INFO:LIT:243 - Logical network microblaze_0/microblaze_0/LOCKSTEP_Out<374> has
   no load.
INFO:LIT:243 - Logical network microblaze_0/microblaze_0/LOCKSTEP_Out<375> has
   no load.
INFO:LIT:243 - Logical network microblaze_0/microblaze_0/LOCKSTEP_Out<376> has
   no load.
INFO:LIT:243 - Logical network microblaze_0/microblaze_0/LOCKSTEP_Out<377> has
   no load.
INFO:LIT:243 - Logical network microblaze_0/microblaze_0/LOCKSTEP_Out<378> has
   no load.
INFO:LIT:243 - Logical network microblaze_0/microblaze_0/LOCKSTEP_Out<379> has
   no load.
INFO:LIT:243 - Logical network microblaze_0/microblaze_0/LOCKSTEP_Out<380> has
   no load.
INFO:LIT:243 - Logical network microblaze_0/microblaze_0/LOCKSTEP_Out<381> has
   no load.
INFO:LIT:243 - Logical network microblaze_0/microblaze_0/LOCKSTEP_Out<382> has
   no load.
INFO:LIT:243 - Logical network microblaze_0/microblaze_0/LOCKSTEP_Out<383> has
   no load.
INFO:LIT:243 - Logical network microblaze_0/microblaze_0/LOCKSTEP_Out<384> has
   no load.
INFO:LIT:243 - Logical network microblaze_0/microblaze_0/LOCKSTEP_Out<385> has
   no load.
INFO:LIT:243 - Logical network microblaze_0/microblaze_0/LOCKSTEP_Out<386> has
   no load.
INFO:LIT:243 - Logical network microblaze_0/microblaze_0/LOCKSTEP_Out<387> has
   no load.
INFO:LIT:243 - Logical network microblaze_0/microblaze_0/LOCKSTEP_Out<420> has
   no load.
INFO:LIT:243 - Logical network microblaze_0/microblaze_0/LOCKSTEP_Out<421> has
   no load.
INFO:LIT:243 - Logical network microblaze_0/microblaze_0/LOCKSTEP_Out<422> has
   no load.
INFO:LIT:243 - Logical network microblaze_0/microblaze_0/LOCKSTEP_Out<423> has
   no load.
INFO:LIT:243 - Logical network microblaze_0/microblaze_0/LOCKSTEP_Out<463> has
   no load.
INFO:LIT:243 - Logical network microblaze_0/microblaze_0/LOCKSTEP_Out<464> has
   no load.
INFO:LIT:243 - Logical network microblaze_0/microblaze_0/LOCKSTEP_Out<465> has
   no load.
INFO:LIT:243 - Logical network microblaze_0/microblaze_0/LOCKSTEP_Out<466> has
   no load.
INFO:LIT:243 - Logical network microblaze_0/microblaze_0/LOCKSTEP_Out<467> has
   no load.
INFO:LIT:243 - Logical network microblaze_0/microblaze_0/LOCKSTEP_Out<468> has
   no load.
INFO:LIT:243 - Logical network microblaze_0/microblaze_0/LOCKSTEP_Out<469> has
   no load.
INFO:LIT:243 - Logical network microblaze_0/microblaze_0/LOCKSTEP_Out<470> has
   no load.
INFO:LIT:243 - Logical network microblaze_0/microblaze_0/LOCKSTEP_Out<471> has
   no load.
INFO:LIT:243 - Logical network microblaze_0/microblaze_0/LOCKSTEP_Out<472> has
   no load.
INFO:LIT:243 - Logical network microblaze_0/microblaze_0/LOCKSTEP_Out<473> has
   no load.
INFO:LIT:243 - Logical network microblaze_0/microblaze_0/LOCKSTEP_Out<474> has
   no load.
INFO:LIT:243 - Logical network microblaze_0/microblaze_0/LOCKSTEP_Out<475> has
   no load.
INFO:LIT:243 - Logical network microblaze_0/microblaze_0/LOCKSTEP_Out<476> has
   no load.
INFO:LIT:243 - Logical network microblaze_0/microblaze_0/LOCKSTEP_Out<477> has
   no load.
INFO:LIT:243 - Logical network microblaze_0/microblaze_0/LOCKSTEP_Out<478> has
   no load.
INFO:LIT:243 - Logical network microblaze_0/microblaze_0/LOCKSTEP_Out<479> has
   no load.
INFO:LIT:243 - Logical network microblaze_0/microblaze_0/LOCKSTEP_Out<480> has
   no load.
INFO:LIT:243 - Logical network microblaze_0/microblaze_0/LOCKSTEP_Out<481> has
   no load.
INFO:LIT:243 - Logical network microblaze_0/microblaze_0/LOCKSTEP_Out<482> has
   no load.
INFO:LIT:243 - Logical network microblaze_0/microblaze_0/LOCKSTEP_Out<483> has
   no load.
INFO:LIT:243 - Logical network microblaze_0/microblaze_0/LOCKSTEP_Out<484> has
   no load.
INFO:LIT:243 - Logical network microblaze_0/microblaze_0/LOCKSTEP_Out<485> has
   no load.
INFO:LIT:243 - Logical network microblaze_0/microblaze_0/LOCKSTEP_Out<486> has
   no load.
INFO:LIT:243 - Logical network microblaze_0/microblaze_0/LOCKSTEP_Out<487> has
   no load.
INFO:LIT:243 - Logical network microblaze_0/microblaze_0/LOCKSTEP_Out<488> has
   no load.
INFO:LIT:243 - Logical network microblaze_0/microblaze_0/LOCKSTEP_Out<489> has
   no load.
INFO:LIT:243 - Logical network microblaze_0/microblaze_0/LOCKSTEP_Out<490> has
   no load.
INFO:LIT:243 - Logical network microblaze_0/microblaze_0/LOCKSTEP_Out<491> has
   no load.
INFO:LIT:243 - Logical network microblaze_0/microblaze_0/LOCKSTEP_Out<492> has
   no load.
INFO:LIT:243 - Logical network microblaze_0/microblaze_0/LOCKSTEP_Out<493> has
   no load.
INFO:LIT:243 - Logical network microblaze_0/microblaze_0/LOCKSTEP_Out<494> has
   no load.
INFO:LIT:243 - Logical network microblaze_0/microblaze_0/LOCKSTEP_Out<593> has
   no load.
INFO:LIT:243 - Logical network microblaze_0/microblaze_0/LOCKSTEP_Out<3551> has
   no load.
INFO:LIT:243 - Logical network microblaze_0/microblaze_0/LOCKSTEP_Out<3552> has
   no load.
INFO:LIT:243 - Logical network microblaze_0/microblaze_0/LOCKSTEP_Out<3553> has
   no load.
INFO:LIT:243 - Logical network microblaze_0/microblaze_0/LOCKSTEP_Out<3554> has
   no load.
INFO:LIT:243 - Logical network microblaze_0/microblaze_0/LOCKSTEP_Out<3555> has
   no load.
INFO:LIT:243 - Logical network microblaze_0/microblaze_0/LOCKSTEP_Out<3556> has
   no load.
INFO:LIT:243 - Logical network microblaze_0/microblaze_0/LOCKSTEP_Out<3557> has
   no load.
INFO:LIT:243 - Logical network microblaze_0/microblaze_0/LOCKSTEP_Out<3558> has
   no load.
INFO:LIT:243 - Logical network microblaze_0/microblaze_0/LOCKSTEP_Out<3559> has
   no load.
INFO:LIT:243 - Logical network microblaze_0/microblaze_0/LOCKSTEP_Out<3560> has
   no load.
INFO:LIT:243 - Logical network microblaze_0/microblaze_0/LOCKSTEP_Out<3561> has
   no load.
INFO:LIT:243 - Logical network microblaze_0/microblaze_0/LOCKSTEP_Out<3562> has
   no load.
INFO:LIT:243 - Logical network microblaze_0/microblaze_0/LOCKSTEP_Out<3563> has
   no load.
INFO:LIT:243 - Logical network microblaze_0/microblaze_0/LOCKSTEP_Out<3564> has
   no load.
INFO:LIT:243 - Logical network microblaze_0/microblaze_0/LOCKSTEP_Out<3565> has
   no load.
INFO:LIT:243 - Logical network microblaze_0/microblaze_0/LOCKSTEP_Out<3566> has
   no load.
INFO:LIT:243 - Logical network microblaze_0/microblaze_0/LOCKSTEP_Out<3567> has
   no load.
INFO:LIT:243 - Logical network microblaze_0/microblaze_0/LOCKSTEP_Out<3568> has
   no load.
INFO:LIT:243 - Logical network microblaze_0/microblaze_0/LOCKSTEP_Out<3569> has
   no load.
INFO:LIT:243 - Logical network microblaze_0/microblaze_0/LOCKSTEP_Out<3570> has
   no load.
INFO:LIT:243 - Logical network microblaze_0/microblaze_0/LOCKSTEP_Out<3571> has
   no load.
INFO:LIT:243 - Logical network microblaze_0/microblaze_0/LOCKSTEP_Out<3572> has
   no load.
INFO:LIT:243 - Logical network microblaze_0/microblaze_0/LOCKSTEP_Out<3573> has
   no load.
INFO:LIT:243 - Logical network microblaze_0/microblaze_0/LOCKSTEP_Out<3574> has
   no load.
INFO:LIT:243 - Logical network microblaze_0/microblaze_0/LOCKSTEP_Out<3575> has
   no load.
INFO:LIT:243 - Logical network microblaze_0/microblaze_0/LOCKSTEP_Out<3576> has
   no load.
INFO:LIT:243 - Logical network microblaze_0/microblaze_0/LOCKSTEP_Out<3577> has
   no load.
INFO:LIT:243 - Logical network microblaze_0/microblaze_0/LOCKSTEP_Out<3578> has
   no load.
INFO:LIT:243 - Logical network microblaze_0/microblaze_0/LOCKSTEP_Out<3579> has
   no load.
INFO:LIT:243 - Logical network microblaze_0/microblaze_0/LOCKSTEP_Out<3580> has
   no load.
INFO:LIT:243 - Logical network microblaze_0/microblaze_0/LOCKSTEP_Out<3581> has
   no load.
INFO:LIT:243 - Logical network microblaze_0/microblaze_0/LOCKSTEP_Out<3582> has
   no load.
INFO:LIT:243 - Logical network microblaze_0/microblaze_0/LOCKSTEP_Out<3583> has
   no load.
INFO:LIT:243 - Logical network microblaze_0/microblaze_0/LOCKSTEP_Out<3584> has
   no load.
INFO:LIT:243 - Logical network microblaze_0/microblaze_0/LOCKSTEP_Out<3585> has
   no load.
INFO:LIT:243 - Logical network microblaze_0/microblaze_0/LOCKSTEP_Out<3586> has
   no load.
INFO:LIT:243 - Logical network microblaze_0/microblaze_0/LOCKSTEP_Out<3587> has
   no load.
INFO:LIT:243 - Logical network microblaze_0/microblaze_0/LOCKSTEP_Out<3588> has
   no load.
INFO:LIT:243 - Logical network microblaze_0/microblaze_0/LOCKSTEP_Out<3589> has
   no load.
INFO:LIT:243 - Logical network microblaze_0/microblaze_0/LOCKSTEP_Out<3590> has
   no load.
INFO:LIT:243 - Logical network microblaze_0/microblaze_0/LOCKSTEP_Out<3591> has
   no load.
INFO:LIT:243 - Logical network microblaze_0/microblaze_0/LOCKSTEP_Out<3592> has
   no load.
INFO:LIT:243 - Logical network microblaze_0/microblaze_0/LOCKSTEP_Out<3593> has
   no load.
INFO:LIT:243 - Logical network microblaze_0/microblaze_0/LOCKSTEP_Out<3594> has
   no load.
INFO:LIT:243 - Logical network microblaze_0/microblaze_0/LOCKSTEP_Out<3595> has
   no load.
INFO:LIT:243 - Logical network microblaze_0/microblaze_0/LOCKSTEP_Out<3596> has
   no load.
INFO:LIT:243 - Logical network microblaze_0/microblaze_0/LOCKSTEP_Out<3597> has
   no load.
INFO:LIT:243 - Logical network microblaze_0/microblaze_0/LOCKSTEP_Out<3598> has
   no load.
INFO:LIT:243 - Logical network microblaze_0/microblaze_0/LOCKSTEP_Out<3599> has
   no load.
INFO:LIT:243 - Logical network microblaze_0/microblaze_0/LOCKSTEP_Out<3600> has
   no load.
INFO:LIT:243 - Logical network microblaze_0/microblaze_0/LOCKSTEP_Out<3601> has
   no load.
INFO:LIT:243 - Logical network microblaze_0/microblaze_0/LOCKSTEP_Out<3602> has
   no load.
INFO:LIT:243 - Logical network microblaze_0/microblaze_0/LOCKSTEP_Out<3603> has
   no load.
INFO:LIT:243 - Logical network microblaze_0/microblaze_0/LOCKSTEP_Out<3604> has
   no load.
INFO:LIT:243 - Logical network microblaze_0/microblaze_0/LOCKSTEP_Out<3605> has
   no load.
INFO:LIT:243 - Logical network microblaze_0/microblaze_0/LOCKSTEP_Out<3606> has
   no load.
INFO:LIT:243 - Logical network microblaze_0/microblaze_0/LOCKSTEP_Out<3607> has
   no load.
INFO:LIT:243 - Logical network microblaze_0/microblaze_0/LOCKSTEP_Out<3608> has
   no load.
INFO:LIT:243 - Logical network microblaze_0/microblaze_0/LOCKSTEP_Out<3609> has
   no load.
INFO:LIT:243 - Logical network microblaze_0/microblaze_0/LOCKSTEP_Out<3610> has
   no load.
INFO:LIT:243 - Logical network microblaze_0/microblaze_0/LOCKSTEP_Out<3611> has
   no load.
INFO:LIT:243 - Logical network microblaze_0/microblaze_0/LOCKSTEP_Out<3612> has
   no load.
INFO:LIT:243 - Logical network microblaze_0/microblaze_0/LOCKSTEP_Out<3613> has
   no load.
INFO:LIT:243 - Logical network microblaze_0/microblaze_0/LOCKSTEP_Out<3614> has
   no load.
INFO:LIT:243 - Logical network microblaze_0/microblaze_0/LOCKSTEP_Out<3615> has
   no load.
INFO:LIT:243 - Logical network microblaze_0/microblaze_0/LOCKSTEP_Out<3616> has
   no load.
INFO:LIT:243 - Logical network microblaze_0/microblaze_0/LOCKSTEP_Out<3617> has
   no load.
INFO:LIT:243 - Logical network microblaze_0/microblaze_0/LOCKSTEP_Out<3618> has
   no load.
INFO:LIT:243 - Logical network microblaze_0/microblaze_0/LOCKSTEP_Out<3619> has
   no load.
INFO:LIT:243 - Logical network microblaze_0/microblaze_0/LOCKSTEP_Out<3620> has
   no load.
INFO:LIT:243 - Logical network microblaze_0/microblaze_0/LOCKSTEP_Out<3621> has
   no load.
INFO:LIT:243 - Logical network microblaze_0/microblaze_0/LOCKSTEP_Out<3633> has
   no load.
INFO:LIT:243 - Logical network microblaze_0/microblaze_0/LOCKSTEP_Out<3634> has
   no load.
INFO:LIT:243 - Logical network microblaze_0/microblaze_0/LOCKSTEP_Out<3635> has
   no load.
INFO:LIT:243 - Logical network microblaze_0/microblaze_0/LOCKSTEP_Out<3645> has
   no load.
INFO:LIT:243 - Logical network microblaze_0/microblaze_0/LOCKSTEP_Out<3646> has
   no load.
INFO:LIT:243 - Logical network microblaze_0/microblaze_0/LOCKSTEP_Out<3647> has
   no load.
INFO:LIT:243 - Logical network microblaze_0/microblaze_0/LOCKSTEP_Out<3648> has
   no load.
INFO:LIT:243 - Logical network microblaze_0/microblaze_0/LOCKSTEP_Out<3649> has
   no load.
INFO:LIT:243 - Logical network microblaze_0/microblaze_0/LOCKSTEP_Out<3650> has
   no load.
INFO:LIT:243 - Logical network microblaze_0/microblaze_0/LOCKSTEP_Out<3651> has
   no load.
INFO:LIT:243 - Logical network microblaze_0/microblaze_0/LOCKSTEP_Out<3652> has
   no load.
INFO:LIT:243 - Logical network microblaze_0/microblaze_0/LOCKSTEP_Out<3653> has
   no load.
INFO:LIT:243 - Logical network microblaze_0/microblaze_0/LOCKSTEP_Out<3654> has
   no load.
INFO:LIT:243 - Logical network microblaze_0/microblaze_0/LOCKSTEP_Out<3655> has
   no load.
INFO:LIT:243 - Logical network microblaze_0/microblaze_0/LOCKSTEP_Out<3656> has
   no load.
INFO:LIT:243 - Logical network microblaze_0/microblaze_0/LOCKSTEP_Out<3657> has
   no load.
INFO:LIT:243 - Logical network microblaze_0/microblaze_0/LOCKSTEP_Out<3658> has
   no load.
INFO:LIT:243 - Logical network microblaze_0/microblaze_0/LOCKSTEP_Out<3659> has
   no load.
INFO:LIT:243 - Logical network microblaze_0/microblaze_0/LOCKSTEP_Out<3660> has
   no load.
INFO:LIT:243 - Logical network microblaze_0/microblaze_0/LOCKSTEP_Out<3661> has
   no load.
INFO:LIT:243 - Logical network microblaze_0/microblaze_0/LOCKSTEP_Out<3662> has
   no load.
INFO:LIT:243 - Logical network microblaze_0/microblaze_0/LOCKSTEP_Out<3663> has
   no load.
INFO:LIT:243 - Logical network microblaze_0/microblaze_0/LOCKSTEP_Out<3664> has
   no load.
INFO:LIT:243 - Logical network microblaze_0/microblaze_0/LOCKSTEP_Out<3665> has
   no load.
INFO:LIT:243 - Logical network microblaze_0/microblaze_0/LOCKSTEP_Out<3666> has
   no load.
INFO:LIT:243 - Logical network microblaze_0/microblaze_0/LOCKSTEP_Out<3667> has
   no load.
INFO:LIT:243 - Logical network microblaze_0/microblaze_0/LOCKSTEP_Out<3668> has
   no load.
INFO:LIT:243 - Logical network microblaze_0/microblaze_0/LOCKSTEP_Out<3669> has
   no load.
INFO:LIT:243 - Logical network microblaze_0/microblaze_0/LOCKSTEP_Out<3670> has
   no load.
INFO:LIT:243 - Logical network microblaze_0/microblaze_0/LOCKSTEP_Out<3671> has
   no load.
INFO:LIT:243 - Logical network microblaze_0/microblaze_0/LOCKSTEP_Out<3672> has
   no load.
INFO:LIT:243 - Logical network microblaze_0/microblaze_0/LOCKSTEP_Out<3673> has
   no load.
INFO:LIT:243 - Logical network microblaze_0/microblaze_0/LOCKSTEP_Out<3674> has
   no load.
INFO:LIT:243 - Logical network microblaze_0/microblaze_0/LOCKSTEP_Out<3675> has
   no load.
INFO:LIT:243 - Logical network microblaze_0/microblaze_0/LOCKSTEP_Out<3676> has
   no load.
INFO:LIT:243 - Logical network microblaze_0/microblaze_0/LOCKSTEP_Out<3683> has
   no load.
INFO:LIT:243 - Logical network microblaze_0/microblaze_0/LOCKSTEP_Out<3684> has
   no load.
INFO:LIT:243 - Logical network microblaze_0/microblaze_0/LOCKSTEP_Out<3685> has
   no load.
INFO:LIT:243 - Logical network microblaze_0/microblaze_0/LOCKSTEP_Out<3686> has
   no load.
INFO:LIT:243 - Logical network microblaze_0/microblaze_0/LOCKSTEP_Out<3687> has
   no load.
INFO:LIT:243 - Logical network microblaze_0/microblaze_0/LOCKSTEP_Out<3688> has
   no load.
INFO:LIT:243 - Logical network microblaze_0/microblaze_0/LOCKSTEP_Out<3689> has
   no load.
INFO:LIT:243 - Logical network microblaze_0/microblaze_0/LOCKSTEP_Out<3690> has
   no load.
INFO:LIT:243 - Logical network microblaze_0/microblaze_0/LOCKSTEP_Out<3691> has
   no load.
INFO:LIT:243 - Logical network microblaze_0/microblaze_0/LOCKSTEP_Out<3692> has
   no load.
INFO:LIT:243 - Logical network microblaze_0/microblaze_0/LOCKSTEP_Out<3693> has
   no load.
INFO:LIT:243 - Logical network microblaze_0/microblaze_0/LOCKSTEP_Out<3694> has
   no load.
INFO:LIT:243 - Logical network microblaze_0/microblaze_0/LOCKSTEP_Out<3695> has
   no load.
INFO:LIT:243 - Logical network microblaze_0/microblaze_0/LOCKSTEP_Out<3696> has
   no load.
INFO:LIT:243 - Logical network microblaze_0/microblaze_0/LOCKSTEP_Out<3697> has
   no load.
INFO:LIT:243 - Logical network microblaze_0/microblaze_0/LOCKSTEP_Out<3698> has
   no load.
INFO:LIT:243 - Logical network microblaze_0/microblaze_0/LOCKSTEP_Out<3699> has
   no load.
INFO:LIT:243 - Logical network microblaze_0/microblaze_0/LOCKSTEP_Out<3700> has
   no load.
INFO:LIT:243 - Logical network microblaze_0/microblaze_0/LOCKSTEP_Out<3701> has
   no load.
INFO:LIT:243 - Logical network microblaze_0/microblaze_0/LOCKSTEP_Out<3702> has
   no load.
INFO:LIT:243 - Logical network microblaze_0/microblaze_0/LOCKSTEP_Out<3703> has
   no load.
INFO:LIT:243 - Logical network microblaze_0/microblaze_0/LOCKSTEP_Out<3704> has
   no load.
INFO:LIT:243 - Logical network microblaze_0/microblaze_0/LOCKSTEP_Out<3705> has
   no load.
INFO:LIT:243 - Logical network microblaze_0/microblaze_0/LOCKSTEP_Out<3706> has
   no load.
INFO:LIT:243 - Logical network microblaze_0/microblaze_0/LOCKSTEP_Out<3707> has
   no load.
INFO:LIT:243 - Logical network microblaze_0/microblaze_0/LOCKSTEP_Out<3708> has
   no load.
INFO:LIT:243 - Logical network microblaze_0/microblaze_0/LOCKSTEP_Out<3709> has
   no load.
INFO:LIT:243 - Logical network microblaze_0/microblaze_0/LOCKSTEP_Out<3710> has
   no load.
INFO:LIT:243 - Logical network microblaze_0/microblaze_0/LOCKSTEP_Out<3711> has
   no load.
INFO:LIT:243 - Logical network microblaze_0/microblaze_0/LOCKSTEP_Out<3712> has
   no load.
INFO:LIT:243 - Logical network microblaze_0/microblaze_0/LOCKSTEP_Out<3713> has
   no load.
INFO:LIT:243 - Logical network microblaze_0/microblaze_0/LOCKSTEP_Out<3714> has
   no load.
INFO:LIT:243 - Logical network microblaze_0/microblaze_0/LOCKSTEP_Out<3715> has
   no load.
INFO:LIT:243 - Logical network microblaze_0/microblaze_0/LOCKSTEP_Out<3716> has
   no load.
INFO:LIT:243 - Logical network microblaze_0/microblaze_0/LOCKSTEP_Out<3717> has
   no load.
INFO:LIT:243 - Logical network microblaze_0/microblaze_0/LOCKSTEP_Out<3718> has
   no load.
INFO:LIT:243 - Logical network microblaze_0/microblaze_0/LOCKSTEP_Out<3719> has
   no load.
INFO:LIT:243 - Logical network microblaze_0/microblaze_0/LOCKSTEP_Out<3720> has
   no load.
INFO:LIT:243 - Logical network microblaze_0/microblaze_0/LOCKSTEP_Out<3721> has
   no load.
INFO:LIT:243 - Logical network microblaze_0/microblaze_0/LOCKSTEP_Out<3722> has
   no load.
INFO:LIT:243 - Logical network microblaze_0/microblaze_0/LOCKSTEP_Out<3723> has
   no load.
INFO:LIT:243 - Logical network microblaze_0/microblaze_0/LOCKSTEP_Out<3724> has
   no load.
INFO:LIT:243 - Logical network microblaze_0/microblaze_0/LOCKSTEP_Out<3725> has
   no load.
INFO:LIT:243 - Logical network microblaze_0/microblaze_0/LOCKSTEP_Out<3726> has
   no load.
INFO:LIT:243 - Logical network microblaze_0/microblaze_0/LOCKSTEP_Out<3727> has
   no load.
INFO:LIT:243 - Logical network microblaze_0/microblaze_0/LOCKSTEP_Out<3728> has
   no load.
INFO:LIT:243 - Logical network microblaze_0/microblaze_0/LOCKSTEP_Out<3729> has
   no load.
INFO:LIT:243 - Logical network microblaze_0/microblaze_0/LOCKSTEP_Out<3730> has
   no load.
INFO:LIT:243 - Logical network microblaze_0/microblaze_0/LOCKSTEP_Out<3731> has
   no load.
INFO:LIT:243 - Logical network microblaze_0/microblaze_0/LOCKSTEP_Out<3732> has
   no load.
INFO:LIT:243 - Logical network microblaze_0/microblaze_0/LOCKSTEP_Out<3733> has
   no load.
INFO:LIT:243 - Logical network microblaze_0/microblaze_0/LOCKSTEP_Out<3734> has
   no load.
INFO:LIT:243 - Logical network microblaze_0/microblaze_0/LOCKSTEP_Out<3735> has
   no load.
INFO:LIT:243 - Logical network microblaze_0/microblaze_0/LOCKSTEP_Out<3736> has
   no load.
INFO:LIT:243 - Logical network microblaze_0/microblaze_0/LOCKSTEP_Out<3737> has
   no load.
INFO:LIT:243 - Logical network microblaze_0/microblaze_0/LOCKSTEP_Out<3738> has
   no load.
INFO:LIT:243 - Logical network microblaze_0/microblaze_0/LOCKSTEP_Out<3739> has
   no load.
INFO:LIT:243 - Logical network microblaze_0/microblaze_0/LOCKSTEP_Out<3740> has
   no load.
INFO:LIT:243 - Logical network microblaze_0/microblaze_0/LOCKSTEP_Out<3741> has
   no load.
INFO:LIT:243 - Logical network microblaze_0/microblaze_0/LOCKSTEP_Out<3742> has
   no load.
INFO:LIT:243 - Logical network microblaze_0/microblaze_0/LOCKSTEP_Out<3743> has
   no load.
INFO:LIT:243 - Logical network microblaze_0/microblaze_0/LOCKSTEP_Out<3744> has
   no load.
INFO:LIT:243 - Logical network microblaze_0/microblaze_0/LOCKSTEP_Out<3745> has
   no load.
INFO:LIT:243 - Logical network microblaze_0/microblaze_0/LOCKSTEP_Out<3746> has
   no load.
INFO:LIT:243 - Logical network microblaze_0/microblaze_0/LOCKSTEP_Out<3747> has
   no load.
INFO:LIT:243 - Logical network microblaze_0/microblaze_0/LOCKSTEP_Out<3748> has
   no load.
INFO:LIT:243 - Logical network microblaze_0/microblaze_0/LOCKSTEP_Out<3749> has
   no load.
INFO:LIT:243 - Logical network microblaze_0/microblaze_0/LOCKSTEP_Out<3750> has
   no load.
INFO:LIT:243 - Logical network microblaze_0/microblaze_0/LOCKSTEP_Out<3751> has
   no load.
INFO:LIT:243 - Logical network microblaze_0/microblaze_0/LOCKSTEP_Out<3752> has
   no load.
INFO:LIT:243 - Logical network microblaze_0/microblaze_0/LOCKSTEP_Out<3753> has
   no load.
INFO:LIT:243 - Logical network microblaze_0/microblaze_0/LOCKSTEP_Out<3754> has
   no load.
INFO:LIT:243 - Logical network microblaze_0/microblaze_0/LOCKSTEP_Out<3755> has
   no load.
INFO:LIT:243 - Logical network microblaze_0/microblaze_0/LOCKSTEP_Out<3763> has
   no load.
INFO:LIT:243 - Logical network microblaze_0/microblaze_0/LOCKSTEP_Out<3764> has
   no load.
INFO:LIT:243 - Logical network microblaze_0/microblaze_0/LOCKSTEP_Out<3765> has
   no load.
INFO:LIT:243 - Logical network
   microblaze_0/microblaze_0/MicroBlaze_Core_I/Performance.Decode_I/PC_Module_I/
   Using_FPGA.Incr_PC[0].MUXCY_I/LO has no load.
INFO:LIT:243 - Logical network
   microblaze_0/microblaze_0/MicroBlaze_Core_I/Performance.Decode_I/Use_MuxCy[10
   ].OF_Piperun_Stage/Using_FPGA.MUXCY_I/LO has no load.
INFO:LIT:243 - Logical network
   microblaze_0/microblaze_0/MicroBlaze_Core_I/Performance.Data_Flow_I/exception
   _registers_I1/FPGA_Target.Using_FPGA_LUT4.Gen_Ret_Addr[0].MUXCY_I/LO has no
   load.
INFO:LIT:243 - Logical network
   microblaze_0/microblaze_0/MicroBlaze_Core_I/Performance.Data_Flow_I/Register_
   File_I/Mram_Reg_File_ren64/SPO has no load.
INFO:LIT:243 - Logical network
   microblaze_0/microblaze_0/MicroBlaze_Core_I/Performance.Data_Flow_I/Register_
   File_I/Mram_Reg_File_ren63/SPO has no load.
INFO:LIT:243 - Logical network
   microblaze_0/microblaze_0/MicroBlaze_Core_I/Performance.Data_Flow_I/Register_
   File_I/Mram_Reg_File_ren61/SPO has no load.
INFO:LIT:243 - Logical network
   microblaze_0/microblaze_0/MicroBlaze_Core_I/Performance.Data_Flow_I/Register_
   File_I/Mram_Reg_File_ren60/SPO has no load.
INFO:LIT:243 - Logical network
   microblaze_0/microblaze_0/MicroBlaze_Core_I/Performance.Data_Flow_I/Register_
   File_I/Mram_Reg_File_ren62/SPO has no load.
INFO:LIT:243 - Logical network
   microblaze_0/microblaze_0/MicroBlaze_Core_I/Performance.Data_Flow_I/Register_
   File_I/Mram_Reg_File_ren59/SPO has no load.
INFO:LIT:243 - Logical network
   microblaze_0/microblaze_0/MicroBlaze_Core_I/Performance.Data_Flow_I/Register_
   File_I/Mram_Reg_File_ren58/SPO has no load.
INFO:LIT:243 - Logical network
   microblaze_0/microblaze_0/MicroBlaze_Core_I/Performance.Data_Flow_I/Register_
   File_I/Mram_Reg_File_ren57/SPO has no load.
INFO:LIT:243 - Logical network
   microblaze_0/microblaze_0/MicroBlaze_Core_I/Performance.Data_Flow_I/Register_
   File_I/Mram_Reg_File_ren56/SPO has no load.
INFO:LIT:243 - Logical network
   microblaze_0/microblaze_0/MicroBlaze_Core_I/Performance.Data_Flow_I/Register_
   File_I/Mram_Reg_File_ren55/SPO has no load.
INFO:LIT:243 - Logical network
   microblaze_0/microblaze_0/MicroBlaze_Core_I/Performance.Data_Flow_I/Register_
   File_I/Mram_Reg_File_ren54/SPO has no load.
INFO:LIT:243 - Logical network
   microblaze_0/microblaze_0/MicroBlaze_Core_I/Performance.Data_Flow_I/Register_
   File_I/Mram_Reg_File_ren52/SPO has no load.
INFO:LIT:243 - Logical network
   microblaze_0/microblaze_0/MicroBlaze_Core_I/Performance.Data_Flow_I/Register_
   File_I/Mram_Reg_File_ren51/SPO has no load.
INFO:LIT:243 - Logical network
   microblaze_0/microblaze_0/MicroBlaze_Core_I/Performance.Data_Flow_I/Register_
   File_I/Mram_Reg_File_ren53/SPO has no load.
INFO:LIT:243 - Logical network
   microblaze_0/microblaze_0/MicroBlaze_Core_I/Performance.Data_Flow_I/Register_
   File_I/Mram_Reg_File_ren50/SPO has no load.
INFO:LIT:243 - Logical network
   microblaze_0/microblaze_0/MicroBlaze_Core_I/Performance.Data_Flow_I/Register_
   File_I/Mram_Reg_File_ren49/SPO has no load.
INFO:LIT:243 - Logical network
   microblaze_0/microblaze_0/MicroBlaze_Core_I/Performance.Data_Flow_I/Register_
   File_I/Mram_Reg_File_ren47/SPO has no load.
INFO:LIT:243 - Logical network
   microblaze_0/microblaze_0/MicroBlaze_Core_I/Performance.Data_Flow_I/Register_
   File_I/Mram_Reg_File_ren46/SPO has no load.
INFO:LIT:243 - Logical network
   microblaze_0/microblaze_0/MicroBlaze_Core_I/Performance.Data_Flow_I/Register_
   File_I/Mram_Reg_File_ren48/SPO has no load.
INFO:LIT:243 - Logical network
   microblaze_0/microblaze_0/MicroBlaze_Core_I/Performance.Data_Flow_I/Register_
   File_I/Mram_Reg_File_ren45/SPO has no load.
INFO:LIT:243 - Logical network
   microblaze_0/microblaze_0/MicroBlaze_Core_I/Performance.Data_Flow_I/Register_
   File_I/Mram_Reg_File_ren44/SPO has no load.
INFO:LIT:243 - Logical network
   microblaze_0/microblaze_0/MicroBlaze_Core_I/Performance.Data_Flow_I/Register_
   File_I/Mram_Reg_File_ren42/SPO has no load.
INFO:LIT:243 - Logical network
   microblaze_0/microblaze_0/MicroBlaze_Core_I/Performance.Data_Flow_I/Register_
   File_I/Mram_Reg_File_ren41/SPO has no load.
INFO:LIT:243 - Logical network
   microblaze_0/microblaze_0/MicroBlaze_Core_I/Performance.Data_Flow_I/Register_
   File_I/Mram_Reg_File_ren43/SPO has no load.
INFO:LIT:243 - Logical network
   microblaze_0/microblaze_0/MicroBlaze_Core_I/Performance.Data_Flow_I/Register_
   File_I/Mram_Reg_File_ren40/SPO has no load.
INFO:LIT:243 - Logical network
   microblaze_0/microblaze_0/MicroBlaze_Core_I/Performance.Data_Flow_I/Register_
   File_I/Mram_Reg_File_ren39/SPO has no load.
INFO:LIT:243 - Logical network
   microblaze_0/microblaze_0/MicroBlaze_Core_I/Performance.Data_Flow_I/Register_
   File_I/Mram_Reg_File_ren38/SPO has no load.
INFO:LIT:243 - Logical network
   microblaze_0/microblaze_0/MicroBlaze_Core_I/Performance.Data_Flow_I/Register_
   File_I/Mram_Reg_File_ren37/SPO has no load.
INFO:LIT:243 - Logical network
   microblaze_0/microblaze_0/MicroBlaze_Core_I/Performance.Data_Flow_I/Register_
   File_I/Mram_Reg_File_ren36/SPO has no load.
INFO:LIT:243 - Logical network
   microblaze_0/microblaze_0/MicroBlaze_Core_I/Performance.Data_Flow_I/Register_
   File_I/Mram_Reg_File_ren35/SPO has no load.
INFO:LIT:243 - Logical network
   microblaze_0/microblaze_0/MicroBlaze_Core_I/Performance.Data_Flow_I/Register_
   File_I/Mram_Reg_File_ren33/SPO has no load.
INFO:LIT:243 - Logical network
   microblaze_0/microblaze_0/MicroBlaze_Core_I/Performance.Data_Flow_I/Register_
   File_I/Mram_Reg_File_ren32/SPO has no load.
INFO:LIT:243 - Logical network
   microblaze_0/microblaze_0/MicroBlaze_Core_I/Performance.Data_Flow_I/Register_
   File_I/Mram_Reg_File_ren34/SPO has no load.
INFO:LIT:243 - Logical network
   microblaze_0/microblaze_0/MicroBlaze_Core_I/Performance.Data_Flow_I/Register_
   File_I/Mram_Reg_File_ren31/SPO has no load.
INFO:LIT:243 - Logical network
   microblaze_0/microblaze_0/MicroBlaze_Core_I/Performance.Data_Flow_I/Register_
   File_I/Mram_Reg_File_ren30/SPO has no load.
INFO:LIT:243 - Logical network
   microblaze_0/microblaze_0/MicroBlaze_Core_I/Performance.Data_Flow_I/Register_
   File_I/Mram_Reg_File_ren28/SPO has no load.
INFO:LIT:243 - Logical network
   microblaze_0/microblaze_0/MicroBlaze_Core_I/Performance.Data_Flow_I/Register_
   File_I/Mram_Reg_File_ren27/SPO has no load.
INFO:LIT:243 - Logical network
   microblaze_0/microblaze_0/MicroBlaze_Core_I/Performance.Data_Flow_I/Register_
   File_I/Mram_Reg_File_ren29/SPO has no load.
INFO:LIT:243 - Logical network
   microblaze_0/microblaze_0/MicroBlaze_Core_I/Performance.Data_Flow_I/Register_
   File_I/Mram_Reg_File_ren26/SPO has no load.
INFO:LIT:243 - Logical network
   microblaze_0/microblaze_0/MicroBlaze_Core_I/Performance.Data_Flow_I/Register_
   File_I/Mram_Reg_File_ren25/SPO has no load.
INFO:LIT:243 - Logical network
   microblaze_0/microblaze_0/MicroBlaze_Core_I/Performance.Data_Flow_I/Register_
   File_I/Mram_Reg_File_ren23/SPO has no load.
INFO:LIT:243 - Logical network
   microblaze_0/microblaze_0/MicroBlaze_Core_I/Performance.Data_Flow_I/Register_
   File_I/Mram_Reg_File_ren22/SPO has no load.
INFO:LIT:243 - Logical network
   microblaze_0/microblaze_0/MicroBlaze_Core_I/Performance.Data_Flow_I/Register_
   File_I/Mram_Reg_File_ren24/SPO has no load.
INFO:LIT:243 - Logical network
   microblaze_0/microblaze_0/MicroBlaze_Core_I/Performance.Data_Flow_I/Register_
   File_I/Mram_Reg_File_ren21/SPO has no load.
INFO:LIT:243 - Logical network
   microblaze_0/microblaze_0/MicroBlaze_Core_I/Performance.Data_Flow_I/Register_
   File_I/Mram_Reg_File_ren20/SPO has no load.
INFO:LIT:243 - Logical network
   microblaze_0/microblaze_0/MicroBlaze_Core_I/Performance.Data_Flow_I/Register_
   File_I/Mram_Reg_File_ren19/SPO has no load.
INFO:LIT:243 - Logical network
   microblaze_0/microblaze_0/MicroBlaze_Core_I/Performance.Data_Flow_I/Register_
   File_I/Mram_Reg_File_ren18/SPO has no load.
INFO:LIT:243 - Logical network
   microblaze_0/microblaze_0/MicroBlaze_Core_I/Performance.Data_Flow_I/Register_
   File_I/Mram_Reg_File_ren17/SPO has no load.
INFO:LIT:243 - Logical network
   microblaze_0/microblaze_0/MicroBlaze_Core_I/Performance.Data_Flow_I/Register_
   File_I/Mram_Reg_File_ren16/SPO has no load.
INFO:LIT:243 - Logical network
   microblaze_0/microblaze_0/MicroBlaze_Core_I/Performance.Data_Flow_I/Register_
   File_I/Mram_Reg_File_ren14/SPO has no load.
INFO:LIT:243 - Logical network
   microblaze_0/microblaze_0/MicroBlaze_Core_I/Performance.Data_Flow_I/Register_
   File_I/Mram_Reg_File_ren13/SPO has no load.
INFO:LIT:243 - Logical network
   microblaze_0/microblaze_0/MicroBlaze_Core_I/Performance.Data_Flow_I/Register_
   File_I/Mram_Reg_File_ren15/SPO has no load.
INFO:LIT:243 - Logical network
   microblaze_0/microblaze_0/MicroBlaze_Core_I/Performance.Data_Flow_I/Register_
   File_I/Mram_Reg_File_ren12/SPO has no load.
INFO:LIT:243 - Logical network
   microblaze_0/microblaze_0/MicroBlaze_Core_I/Performance.Data_Flow_I/Register_
   File_I/Mram_Reg_File_ren11/SPO has no load.
INFO:LIT:243 - Logical network
   microblaze_0/microblaze_0/MicroBlaze_Core_I/Performance.Data_Flow_I/Register_
   File_I/Mram_Reg_File_ren10/SPO has no load.
INFO:LIT:243 - Logical network
   microblaze_0/microblaze_0/MicroBlaze_Core_I/Performance.Data_Flow_I/Register_
   File_I/Mram_Reg_File_ren9/SPO has no load.
INFO:LIT:243 - Logical network
   microblaze_0/microblaze_0/MicroBlaze_Core_I/Performance.Data_Flow_I/Register_
   File_I/Mram_Reg_File_ren8/SPO has no load.
INFO:LIT:243 - Logical network
   microblaze_0/microblaze_0/MicroBlaze_Core_I/Performance.Data_Flow_I/Register_
   File_I/Mram_Reg_File_ren7/SPO has no load.
INFO:LIT:243 - Logical network
   microblaze_0/microblaze_0/MicroBlaze_Core_I/Performance.Data_Flow_I/Register_
   File_I/Mram_Reg_File_ren5/SPO has no load.
INFO:LIT:243 - Logical network
   microblaze_0/microblaze_0/MicroBlaze_Core_I/Performance.Data_Flow_I/Register_
   File_I/Mram_Reg_File_ren4/SPO has no load.
INFO:LIT:243 - Logical network
   microblaze_0/microblaze_0/MicroBlaze_Core_I/Performance.Data_Flow_I/Register_
   File_I/Mram_Reg_File_ren6/SPO has no load.
INFO:LIT:243 - Logical network
   microblaze_0/microblaze_0/MicroBlaze_Core_I/Performance.Data_Flow_I/Register_
   File_I/Mram_Reg_File_ren3/SPO has no load.
INFO:LIT:243 - Logical network
   microblaze_0/microblaze_0/MicroBlaze_Core_I/Performance.Data_Flow_I/Register_
   File_I/Mram_Reg_File_ren2/SPO has no load.
INFO:LIT:243 - Logical network
   microblaze_0/microblaze_0/MicroBlaze_Core_I/Performance.Data_Flow_I/Register_
   File_I/Mram_Reg_File_ren1/SPO has no load.
INFO:LIT:243 - Logical network
   microblaze_0/microblaze_0/MicroBlaze_Core_I/Performance.Data_Flow_I/Register_
   File_I/Mram_Reg_File_ren_164/SPO has no load.
INFO:LIT:243 - Logical network
   microblaze_0/microblaze_0/MicroBlaze_Core_I/Performance.Data_Flow_I/Register_
   File_I/Mram_Reg_File_ren_163/SPO has no load.
INFO:LIT:243 - Logical network
   microblaze_0/microblaze_0/MicroBlaze_Core_I/Performance.Data_Flow_I/Register_
   File_I/Mram_Reg_File_ren_162/SPO has no load.
INFO:LIT:243 - Logical network
   microblaze_0/microblaze_0/MicroBlaze_Core_I/Performance.Data_Flow_I/Register_
   File_I/Mram_Reg_File_ren_161/SPO has no load.
INFO:LIT:243 - Logical network
   microblaze_0/microblaze_0/MicroBlaze_Core_I/Performance.Data_Flow_I/Register_
   File_I/Mram_Reg_File_ren_160/SPO has no load.
INFO:LIT:243 - Logical network
   microblaze_0/microblaze_0/MicroBlaze_Core_I/Performance.Data_Flow_I/Register_
   File_I/Mram_Reg_File_ren_159/SPO has no load.
INFO:LIT:243 - Logical network
   microblaze_0/microblaze_0/MicroBlaze_Core_I/Performance.Data_Flow_I/Register_
   File_I/Mram_Reg_File_ren_158/SPO has no load.
INFO:LIT:243 - Logical network
   microblaze_0/microblaze_0/MicroBlaze_Core_I/Performance.Data_Flow_I/Register_
   File_I/Mram_Reg_File_ren_157/SPO has no load.
INFO:LIT:243 - Logical network
   microblaze_0/microblaze_0/MicroBlaze_Core_I/Performance.Data_Flow_I/Register_
   File_I/Mram_Reg_File_ren_155/SPO has no load.
INFO:LIT:243 - Logical network
   microblaze_0/microblaze_0/MicroBlaze_Core_I/Performance.Data_Flow_I/Register_
   File_I/Mram_Reg_File_ren_154/SPO has no load.
INFO:LIT:243 - Logical network
   microblaze_0/microblaze_0/MicroBlaze_Core_I/Performance.Data_Flow_I/Register_
   File_I/Mram_Reg_File_ren_156/SPO has no load.
INFO:LIT:243 - Logical network
   microblaze_0/microblaze_0/MicroBlaze_Core_I/Performance.Data_Flow_I/Register_
   File_I/Mram_Reg_File_ren_153/SPO has no load.
INFO:LIT:243 - Logical network
   microblaze_0/microblaze_0/MicroBlaze_Core_I/Performance.Data_Flow_I/Register_
   File_I/Mram_Reg_File_ren_152/SPO has no load.
INFO:LIT:243 - Logical network
   microblaze_0/microblaze_0/MicroBlaze_Core_I/Performance.Data_Flow_I/Register_
   File_I/Mram_Reg_File_ren_150/SPO has no load.
INFO:LIT:243 - Logical network
   microblaze_0/microblaze_0/MicroBlaze_Core_I/Performance.Data_Flow_I/Register_
   File_I/Mram_Reg_File_ren_149/SPO has no load.
INFO:LIT:243 - Logical network
   microblaze_0/microblaze_0/MicroBlaze_Core_I/Performance.Data_Flow_I/Register_
   File_I/Mram_Reg_File_ren_151/SPO has no load.
INFO:LIT:243 - Logical network
   microblaze_0/microblaze_0/MicroBlaze_Core_I/Performance.Data_Flow_I/Register_
   File_I/Mram_Reg_File_ren_148/SPO has no load.
INFO:LIT:243 - Logical network
   microblaze_0/microblaze_0/MicroBlaze_Core_I/Performance.Data_Flow_I/Register_
   File_I/Mram_Reg_File_ren_147/SPO has no load.
INFO:LIT:243 - Logical network
   microblaze_0/microblaze_0/MicroBlaze_Core_I/Performance.Data_Flow_I/Register_
   File_I/Mram_Reg_File_ren_145/SPO has no load.
INFO:LIT:243 - Logical network
   microblaze_0/microblaze_0/MicroBlaze_Core_I/Performance.Data_Flow_I/Register_
   File_I/Mram_Reg_File_ren_144/SPO has no load.
INFO:LIT:243 - Logical network
   microblaze_0/microblaze_0/MicroBlaze_Core_I/Performance.Data_Flow_I/Register_
   File_I/Mram_Reg_File_ren_146/SPO has no load.
INFO:LIT:243 - Logical network
   microblaze_0/microblaze_0/MicroBlaze_Core_I/Performance.Data_Flow_I/Register_
   File_I/Mram_Reg_File_ren_143/SPO has no load.
INFO:LIT:243 - Logical network
   microblaze_0/microblaze_0/MicroBlaze_Core_I/Performance.Data_Flow_I/Register_
   File_I/Mram_Reg_File_ren_142/SPO has no load.
INFO:LIT:243 - Logical network
   microblaze_0/microblaze_0/MicroBlaze_Core_I/Performance.Data_Flow_I/Register_
   File_I/Mram_Reg_File_ren_141/SPO has no load.
INFO:LIT:243 - Logical network
   microblaze_0/microblaze_0/MicroBlaze_Core_I/Performance.Data_Flow_I/Register_
   File_I/Mram_Reg_File_ren_140/SPO has no load.
INFO:LIT:243 - Logical network
   microblaze_0/microblaze_0/MicroBlaze_Core_I/Performance.Data_Flow_I/Register_
   File_I/Mram_Reg_File_ren_139/SPO has no load.
INFO:LIT:243 - Logical network
   microblaze_0/microblaze_0/MicroBlaze_Core_I/Performance.Data_Flow_I/Register_
   File_I/Mram_Reg_File_ren_138/SPO has no load.
INFO:LIT:243 - Logical network
   microblaze_0/microblaze_0/MicroBlaze_Core_I/Performance.Data_Flow_I/Register_
   File_I/Mram_Reg_File_ren_136/SPO has no load.
INFO:LIT:243 - Logical network
   microblaze_0/microblaze_0/MicroBlaze_Core_I/Performance.Data_Flow_I/Register_
   File_I/Mram_Reg_File_ren_135/SPO has no load.
INFO:LIT:243 - Logical network
   microblaze_0/microblaze_0/MicroBlaze_Core_I/Performance.Data_Flow_I/Register_
   File_I/Mram_Reg_File_ren_137/SPO has no load.
INFO:LIT:243 - Logical network
   microblaze_0/microblaze_0/MicroBlaze_Core_I/Performance.Data_Flow_I/Register_
   File_I/Mram_Reg_File_ren_134/SPO has no load.
INFO:LIT:243 - Logical network
   microblaze_0/microblaze_0/MicroBlaze_Core_I/Performance.Data_Flow_I/Register_
   File_I/Mram_Reg_File_ren_133/SPO has no load.
INFO:LIT:243 - Logical network
   microblaze_0/microblaze_0/MicroBlaze_Core_I/Performance.Data_Flow_I/Register_
   File_I/Mram_Reg_File_ren_132/SPO has no load.
INFO:LIT:243 - Logical network
   microblaze_0/microblaze_0/MicroBlaze_Core_I/Performance.Data_Flow_I/Register_
   File_I/Mram_Reg_File_ren_131/SPO has no load.
INFO:LIT:243 - Logical network
   microblaze_0/microblaze_0/MicroBlaze_Core_I/Performance.Data_Flow_I/Register_
   File_I/Mram_Reg_File_ren_130/SPO has no load.
INFO:LIT:243 - Logical network
   microblaze_0/microblaze_0/MicroBlaze_Core_I/Performance.Data_Flow_I/Register_
   File_I/Mram_Reg_File_ren_129/SPO has no load.
INFO:LIT:243 - Logical network
   microblaze_0/microblaze_0/MicroBlaze_Core_I/Performance.Data_Flow_I/Register_
   File_I/Mram_Reg_File_ren_127/SPO has no load.
INFO:LIT:243 - Logical network
   microblaze_0/microblaze_0/MicroBlaze_Core_I/Performance.Data_Flow_I/Register_
   File_I/Mram_Reg_File_ren_126/SPO has no load.
INFO:LIT:243 - Logical network
   microblaze_0/microblaze_0/MicroBlaze_Core_I/Performance.Data_Flow_I/Register_
   File_I/Mram_Reg_File_ren_128/SPO has no load.
INFO:LIT:243 - Logical network
   microblaze_0/microblaze_0/MicroBlaze_Core_I/Performance.Data_Flow_I/Register_
   File_I/Mram_Reg_File_ren_125/SPO has no load.
INFO:LIT:243 - Logical network
   microblaze_0/microblaze_0/MicroBlaze_Core_I/Performance.Data_Flow_I/Register_
   File_I/Mram_Reg_File_ren_124/SPO has no load.
INFO:LIT:243 - Logical network
   microblaze_0/microblaze_0/MicroBlaze_Core_I/Performance.Data_Flow_I/Register_
   File_I/Mram_Reg_File_ren_123/SPO has no load.
INFO:LIT:243 - Logical network
   microblaze_0/microblaze_0/MicroBlaze_Core_I/Performance.Data_Flow_I/Register_
   File_I/Mram_Reg_File_ren_122/SPO has no load.
INFO:LIT:243 - Logical network
   microblaze_0/microblaze_0/MicroBlaze_Core_I/Performance.Data_Flow_I/Register_
   File_I/Mram_Reg_File_ren_121/SPO has no load.
INFO:LIT:243 - Logical network
   microblaze_0/microblaze_0/MicroBlaze_Core_I/Performance.Data_Flow_I/Register_
   File_I/Mram_Reg_File_ren_120/SPO has no load.
INFO:LIT:243 - Logical network
   microblaze_0/microblaze_0/MicroBlaze_Core_I/Performance.Data_Flow_I/Register_
   File_I/Mram_Reg_File_ren_118/SPO has no load.
INFO:LIT:243 - Logical network
   microblaze_0/microblaze_0/MicroBlaze_Core_I/Performance.Data_Flow_I/Register_
   File_I/Mram_Reg_File_ren_117/SPO has no load.
INFO:LIT:243 - Logical network
   microblaze_0/microblaze_0/MicroBlaze_Core_I/Performance.Data_Flow_I/Register_
   File_I/Mram_Reg_File_ren_119/SPO has no load.
INFO:LIT:243 - Logical network
   microblaze_0/microblaze_0/MicroBlaze_Core_I/Performance.Data_Flow_I/Register_
   File_I/Mram_Reg_File_ren_116/SPO has no load.
INFO:LIT:243 - Logical network
   microblaze_0/microblaze_0/MicroBlaze_Core_I/Performance.Data_Flow_I/Register_
   File_I/Mram_Reg_File_ren_115/SPO has no load.
INFO:LIT:243 - Logical network
   microblaze_0/microblaze_0/MicroBlaze_Core_I/Performance.Data_Flow_I/Register_
   File_I/Mram_Reg_File_ren_113/SPO has no load.
INFO:LIT:243 - Logical network
   microblaze_0/microblaze_0/MicroBlaze_Core_I/Performance.Data_Flow_I/Register_
   File_I/Mram_Reg_File_ren_112/SPO has no load.
INFO:LIT:243 - Logical network
   microblaze_0/microblaze_0/MicroBlaze_Core_I/Performance.Data_Flow_I/Register_
   File_I/Mram_Reg_File_ren_114/SPO has no load.
INFO:LIT:243 - Logical network
   microblaze_0/microblaze_0/MicroBlaze_Core_I/Performance.Data_Flow_I/Register_
   File_I/Mram_Reg_File_ren_111/SPO has no load.
INFO:LIT:243 - Logical network
   microblaze_0/microblaze_0/MicroBlaze_Core_I/Performance.Data_Flow_I/Register_
   File_I/Mram_Reg_File_ren_110/SPO has no load.
INFO:LIT:243 - Logical network
   microblaze_0/microblaze_0/MicroBlaze_Core_I/Performance.Data_Flow_I/Register_
   File_I/Mram_Reg_File_ren_18/SPO has no load.
INFO:LIT:243 - Logical network
   microblaze_0/microblaze_0/MicroBlaze_Core_I/Performance.Data_Flow_I/Register_
   File_I/Mram_Reg_File_ren_17/SPO has no load.
INFO:LIT:243 - Logical network
   microblaze_0/microblaze_0/MicroBlaze_Core_I/Performance.Data_Flow_I/Register_
   File_I/Mram_Reg_File_ren_19/SPO has no load.
INFO:LIT:243 - Logical network
   microblaze_0/microblaze_0/MicroBlaze_Core_I/Performance.Data_Flow_I/Register_
   File_I/Mram_Reg_File_ren_16/SPO has no load.
INFO:LIT:243 - Logical network
   microblaze_0/microblaze_0/MicroBlaze_Core_I/Performance.Data_Flow_I/Register_
   File_I/Mram_Reg_File_ren_15/SPO has no load.
INFO:LIT:243 - Logical network
   microblaze_0/microblaze_0/MicroBlaze_Core_I/Performance.Data_Flow_I/Register_
   File_I/Mram_Reg_File_ren_14/SPO has no load.
INFO:LIT:243 - Logical network
   microblaze_0/microblaze_0/MicroBlaze_Core_I/Performance.Data_Flow_I/Register_
   File_I/Mram_Reg_File_ren_13/SPO has no load.
INFO:LIT:243 - Logical network
   microblaze_0/microblaze_0/MicroBlaze_Core_I/Performance.Data_Flow_I/Register_
   File_I/Mram_Reg_File_ren_12/SPO has no load.
INFO:LIT:243 - Logical network
   microblaze_0/microblaze_0/MicroBlaze_Core_I/Performance.Data_Flow_I/Register_
   File_I/Mram_Reg_File_ren_11/SPO has no load.
INFO:LIT:243 - Logical network
   microblaze_0/microblaze_0/MicroBlaze_Core_I/Performance.Data_Flow_I/Register_
   File_I/Mram_Reg_File64/SPO has no load.
INFO:LIT:243 - Logical network
   microblaze_0/microblaze_0/MicroBlaze_Core_I/Performance.Data_Flow_I/Register_
   File_I/Mram_Reg_File63/SPO has no load.
INFO:LIT:243 - Logical network
   microblaze_0/microblaze_0/MicroBlaze_Core_I/Performance.Data_Flow_I/Register_
   File_I/Mram_Reg_File62/SPO has no load.
INFO:LIT:243 - Logical network
   microblaze_0/microblaze_0/MicroBlaze_Core_I/Performance.Data_Flow_I/Register_
   File_I/Mram_Reg_File61/SPO has no load.
INFO:LIT:243 - Logical network
   microblaze_0/microblaze_0/MicroBlaze_Core_I/Performance.Data_Flow_I/Register_
   File_I/Mram_Reg_File60/SPO has no load.
INFO:LIT:243 - Logical network
   microblaze_0/microblaze_0/MicroBlaze_Core_I/Performance.Data_Flow_I/Register_
   File_I/Mram_Reg_File58/SPO has no load.
INFO:LIT:243 - Logical network
   microblaze_0/microblaze_0/MicroBlaze_Core_I/Performance.Data_Flow_I/Register_
   File_I/Mram_Reg_File57/SPO has no load.
INFO:LIT:243 - Logical network
   microblaze_0/microblaze_0/MicroBlaze_Core_I/Performance.Data_Flow_I/Register_
   File_I/Mram_Reg_File59/SPO has no load.
INFO:LIT:243 - Logical network
   microblaze_0/microblaze_0/MicroBlaze_Core_I/Performance.Data_Flow_I/Register_
   File_I/Mram_Reg_File56/SPO has no load.
INFO:LIT:243 - Logical network
   microblaze_0/microblaze_0/MicroBlaze_Core_I/Performance.Data_Flow_I/Register_
   File_I/Mram_Reg_File55/SPO has no load.
INFO:LIT:243 - Logical network
   microblaze_0/microblaze_0/MicroBlaze_Core_I/Performance.Data_Flow_I/Register_
   File_I/Mram_Reg_File53/SPO has no load.
INFO:LIT:243 - Logical network
   microblaze_0/microblaze_0/MicroBlaze_Core_I/Performance.Data_Flow_I/Register_
   File_I/Mram_Reg_File52/SPO has no load.
INFO:LIT:243 - Logical network
   microblaze_0/microblaze_0/MicroBlaze_Core_I/Performance.Data_Flow_I/Register_
   File_I/Mram_Reg_File54/SPO has no load.
INFO:LIT:243 - Logical network
   microblaze_0/microblaze_0/MicroBlaze_Core_I/Performance.Data_Flow_I/Register_
   File_I/Mram_Reg_File51/SPO has no load.
INFO:LIT:243 - Logical network
   microblaze_0/microblaze_0/MicroBlaze_Core_I/Performance.Data_Flow_I/Register_
   File_I/Mram_Reg_File50/SPO has no load.
INFO:LIT:243 - Logical network
   microblaze_0/microblaze_0/MicroBlaze_Core_I/Performance.Data_Flow_I/Register_
   File_I/Mram_Reg_File48/SPO has no load.
INFO:LIT:243 - Logical network
   microblaze_0/microblaze_0/MicroBlaze_Core_I/Performance.Data_Flow_I/Register_
   File_I/Mram_Reg_File47/SPO has no load.
INFO:LIT:243 - Logical network
   microblaze_0/microblaze_0/MicroBlaze_Core_I/Performance.Data_Flow_I/Register_
   File_I/Mram_Reg_File49/SPO has no load.
INFO:LIT:243 - Logical network
   microblaze_0/microblaze_0/MicroBlaze_Core_I/Performance.Data_Flow_I/Register_
   File_I/Mram_Reg_File46/SPO has no load.
INFO:LIT:243 - Logical network
   microblaze_0/microblaze_0/MicroBlaze_Core_I/Performance.Data_Flow_I/Register_
   File_I/Mram_Reg_File45/SPO has no load.
INFO:LIT:243 - Logical network
   microblaze_0/microblaze_0/MicroBlaze_Core_I/Performance.Data_Flow_I/Register_
   File_I/Mram_Reg_File44/SPO has no load.
INFO:LIT:243 - Logical network
   microblaze_0/microblaze_0/MicroBlaze_Core_I/Performance.Data_Flow_I/Register_
   File_I/Mram_Reg_File43/SPO has no load.
INFO:LIT:243 - Logical network
   microblaze_0/microblaze_0/MicroBlaze_Core_I/Performance.Data_Flow_I/Register_
   File_I/Mram_Reg_File42/SPO has no load.
INFO:LIT:243 - Logical network
   microblaze_0/microblaze_0/MicroBlaze_Core_I/Performance.Data_Flow_I/Register_
   File_I/Mram_Reg_File41/SPO has no load.
INFO:LIT:243 - Logical network
   microblaze_0/microblaze_0/MicroBlaze_Core_I/Performance.Data_Flow_I/Register_
   File_I/Mram_Reg_File39/SPO has no load.
INFO:LIT:243 - Logical network
   microblaze_0/microblaze_0/MicroBlaze_Core_I/Performance.Data_Flow_I/Register_
   File_I/Mram_Reg_File38/SPO has no load.
INFO:LIT:243 - Logical network
   microblaze_0/microblaze_0/MicroBlaze_Core_I/Performance.Data_Flow_I/Register_
   File_I/Mram_Reg_File40/SPO has no load.
INFO:LIT:243 - Logical network
   microblaze_0/microblaze_0/MicroBlaze_Core_I/Performance.Data_Flow_I/Register_
   File_I/Mram_Reg_File37/SPO has no load.
INFO:LIT:243 - Logical network
   microblaze_0/microblaze_0/MicroBlaze_Core_I/Performance.Data_Flow_I/Register_
   File_I/Mram_Reg_File36/SPO has no load.
INFO:LIT:243 - Logical network
   microblaze_0/microblaze_0/MicroBlaze_Core_I/Performance.Data_Flow_I/Register_
   File_I/Mram_Reg_File34/SPO has no load.
INFO:LIT:243 - Logical network
   microblaze_0/microblaze_0/MicroBlaze_Core_I/Performance.Data_Flow_I/Register_
   File_I/Mram_Reg_File33/SPO has no load.
INFO:LIT:243 - Logical network
   microblaze_0/microblaze_0/MicroBlaze_Core_I/Performance.Data_Flow_I/Register_
   File_I/Mram_Reg_File35/SPO has no load.
INFO:LIT:243 - Logical network
   microblaze_0/microblaze_0/MicroBlaze_Core_I/Performance.Data_Flow_I/Register_
   File_I/Mram_Reg_File32/SPO has no load.
INFO:LIT:243 - Logical network
   microblaze_0/microblaze_0/MicroBlaze_Core_I/Performance.Data_Flow_I/Register_
   File_I/Mram_Reg_File31/SPO has no load.
INFO:LIT:243 - Logical network
   microblaze_0/microblaze_0/MicroBlaze_Core_I/Performance.Data_Flow_I/Register_
   File_I/Mram_Reg_File29/SPO has no load.
INFO:LIT:243 - Logical network
   microblaze_0/microblaze_0/MicroBlaze_Core_I/Performance.Data_Flow_I/Register_
   File_I/Mram_Reg_File28/SPO has no load.
INFO:LIT:243 - Logical network
   microblaze_0/microblaze_0/MicroBlaze_Core_I/Performance.Data_Flow_I/Register_
   File_I/Mram_Reg_File30/SPO has no load.
INFO:LIT:243 - Logical network
   microblaze_0/microblaze_0/MicroBlaze_Core_I/Performance.Data_Flow_I/Register_
   File_I/Mram_Reg_File27/SPO has no load.
INFO:LIT:243 - Logical network
   microblaze_0/microblaze_0/MicroBlaze_Core_I/Performance.Data_Flow_I/Register_
   File_I/Mram_Reg_File26/SPO has no load.
INFO:LIT:243 - Logical network
   microblaze_0/microblaze_0/MicroBlaze_Core_I/Performance.Data_Flow_I/Register_
   File_I/Mram_Reg_File25/SPO has no load.
INFO:LIT:243 - Logical network
   microblaze_0/microblaze_0/MicroBlaze_Core_I/Performance.Data_Flow_I/Register_
   File_I/Mram_Reg_File24/SPO has no load.
INFO:LIT:243 - Logical network
   microblaze_0/microblaze_0/MicroBlaze_Core_I/Performance.Data_Flow_I/Register_
   File_I/Mram_Reg_File23/SPO has no load.
INFO:LIT:243 - Logical network
   microblaze_0/microblaze_0/MicroBlaze_Core_I/Performance.Data_Flow_I/Register_
   File_I/Mram_Reg_File22/SPO has no load.
INFO:LIT:243 - Logical network
   microblaze_0/microblaze_0/MicroBlaze_Core_I/Performance.Data_Flow_I/Register_
   File_I/Mram_Reg_File20/SPO has no load.
INFO:LIT:243 - Logical network
   microblaze_0/microblaze_0/MicroBlaze_Core_I/Performance.Data_Flow_I/Register_
   File_I/Mram_Reg_File19/SPO has no load.
INFO:LIT:243 - Logical network
   microblaze_0/microblaze_0/MicroBlaze_Core_I/Performance.Data_Flow_I/Register_
   File_I/Mram_Reg_File21/SPO has no load.
INFO:LIT:243 - Logical network
   microblaze_0/microblaze_0/MicroBlaze_Core_I/Performance.Data_Flow_I/Register_
   File_I/Mram_Reg_File18/SPO has no load.
INFO:LIT:243 - Logical network
   microblaze_0/microblaze_0/MicroBlaze_Core_I/Performance.Data_Flow_I/Register_
   File_I/Mram_Reg_File17/SPO has no load.
INFO:LIT:243 - Logical network
   microblaze_0/microblaze_0/MicroBlaze_Core_I/Performance.Data_Flow_I/Register_
   File_I/Mram_Reg_File15/SPO has no load.
INFO:LIT:243 - Logical network
   microblaze_0/microblaze_0/MicroBlaze_Core_I/Performance.Data_Flow_I/Register_
   File_I/Mram_Reg_File14/SPO has no load.
INFO:LIT:243 - Logical network
   microblaze_0/microblaze_0/MicroBlaze_Core_I/Performance.Data_Flow_I/Register_
   File_I/Mram_Reg_File16/SPO has no load.
INFO:LIT:243 - Logical network
   microblaze_0/microblaze_0/MicroBlaze_Core_I/Performance.Data_Flow_I/Register_
   File_I/Mram_Reg_File13/SPO has no load.
INFO:LIT:243 - Logical network
   microblaze_0/microblaze_0/MicroBlaze_Core_I/Performance.Data_Flow_I/Register_
   File_I/Mram_Reg_File12/SPO has no load.
INFO:LIT:243 - Logical network
   microblaze_0/microblaze_0/MicroBlaze_Core_I/Performance.Data_Flow_I/Register_
   File_I/Mram_Reg_File10/SPO has no load.
INFO:LIT:243 - Logical network
   microblaze_0/microblaze_0/MicroBlaze_Core_I/Performance.Data_Flow_I/Register_
   File_I/Mram_Reg_File9/SPO has no load.
INFO:LIT:243 - Logical network
   microblaze_0/microblaze_0/MicroBlaze_Core_I/Performance.Data_Flow_I/Register_
   File_I/Mram_Reg_File11/SPO has no load.
INFO:LIT:243 - Logical network
   microblaze_0/microblaze_0/MicroBlaze_Core_I/Performance.Data_Flow_I/Register_
   File_I/Mram_Reg_File8/SPO has no load.
INFO:LIT:243 - Logical network
   microblaze_0/microblaze_0/MicroBlaze_Core_I/Performance.Data_Flow_I/Register_
   File_I/Mram_Reg_File7/SPO has no load.
INFO:LIT:243 - Logical network
   microblaze_0/microblaze_0/MicroBlaze_Core_I/Performance.Data_Flow_I/Register_
   File_I/Mram_Reg_File6/SPO has no load.
INFO:LIT:243 - Logical network
   microblaze_0/microblaze_0/MicroBlaze_Core_I/Performance.Data_Flow_I/Register_
   File_I/Mram_Reg_File5/SPO has no load.
INFO:LIT:243 - Logical network
   microblaze_0/microblaze_0/MicroBlaze_Core_I/Performance.Data_Flow_I/Register_
   File_I/Mram_Reg_File4/SPO has no load.
INFO:LIT:243 - Logical network
   microblaze_0/microblaze_0/MicroBlaze_Core_I/Performance.Data_Flow_I/Register_
   File_I/Mram_Reg_File3/SPO has no load.
INFO:LIT:243 - Logical network
   microblaze_0/microblaze_0/MicroBlaze_Core_I/Performance.Data_Flow_I/Register_
   File_I/Mram_Reg_File1/SPO has no load.
INFO:LIT:243 - Logical network
   microblaze_0/microblaze_0/MicroBlaze_Core_I/Performance.Data_Flow_I/Register_
   File_I/Mram_Reg_File2/SPO has no load.
INFO:LIT:243 - Logical network plb_v46_0/Bus_Error_Det has no load.
INFO:LIT:243 - Logical network plb_v46_0/PLB_SrdBTerm has no load.
INFO:LIT:243 - Logical network plb_v46_0/PLB_SrdDAck has no load.
INFO:LIT:243 - Logical network plb_v46_0/PLB_SwrBTerm has no load.
INFO:LIT:243 - Logical network plb_v46_0/PLB_SwrDAck has no load.
INFO:LIT:243 - Logical network plb_v46_0/PLB_Sssize<0> has no load.
INFO:LIT:243 - Logical network plb_v46_0/PLB_Sssize<1> has no load.
INFO:LIT:243 - Logical network plb_v46_0/MPLB_Rst<0> has no load.
INFO:LIT:243 - Logical network plb_v46_0/MPLB_Rst<1> has no load.
INFO:LIT:243 - Logical network bram_block_0/BRAM_Din_B<0> has no load.
INFO:LIT:243 - Logical network bram_block_0/BRAM_Din_B<1> has no load.
INFO:LIT:243 - Logical network bram_block_0/BRAM_Din_B<2> has no load.
INFO:LIT:243 - Logical network bram_block_0/BRAM_Din_B<3> has no load.
INFO:LIT:243 - Logical network bram_block_0/BRAM_Din_B<4> has no load.
INFO:LIT:243 - Logical network bram_block_0/BRAM_Din_B<5> has no load.
INFO:LIT:243 - Logical network bram_block_0/BRAM_Din_B<6> has no load.
INFO:LIT:243 - Logical network bram_block_0/BRAM_Din_B<7> has no load.
INFO:LIT:243 - Logical network bram_block_0/BRAM_Din_B<8> has no load.
INFO:LIT:243 - Logical network bram_block_0/BRAM_Din_B<9> has no load.
INFO:LIT:243 - Logical network bram_block_0/BRAM_Din_B<10> has no load.
INFO:LIT:243 - Logical network bram_block_0/BRAM_Din_B<11> has no load.
INFO:LIT:243 - Logical network bram_block_0/BRAM_Din_B<12> has no load.
INFO:LIT:243 - Logical network bram_block_0/BRAM_Din_B<13> has no load.
INFO:LIT:243 - Logical network bram_block_0/BRAM_Din_B<14> has no load.
INFO:LIT:243 - Logical network bram_block_0/BRAM_Din_B<15> has no load.
INFO:LIT:243 - Logical network bram_block_0/BRAM_Din_B<16> has no load.
INFO:LIT:243 - Logical network bram_block_0/BRAM_Din_B<17> has no load.
INFO:LIT:243 - Logical network bram_block_0/BRAM_Din_B<18> has no load.
INFO:LIT:243 - Logical network bram_block_0/BRAM_Din_B<19> has no load.
INFO:LIT:243 - Logical network bram_block_0/BRAM_Din_B<20> has no load.
INFO:LIT:243 - Logical network bram_block_0/BRAM_Din_B<21> has no load.
INFO:LIT:243 - Logical network bram_block_0/BRAM_Din_B<22> has no load.
INFO:LIT:243 - Logical network bram_block_0/BRAM_Din_B<23> has no load.
INFO:LIT:243 - Logical network bram_block_0/BRAM_Din_B<24> has no load.
INFO:LIT:243 - Logical network bram_block_0/BRAM_Din_B<25> has no load.
INFO:LIT:243 - Logical network bram_block_0/BRAM_Din_B<26> has no load.
INFO:LIT:243 - Logical network bram_block_0/BRAM_Din_B<27> has no load.
INFO:LIT:243 - Logical network bram_block_0/BRAM_Din_B<28> has no load.
INFO:LIT:243 - Logical network bram_block_0/BRAM_Din_B<29> has no load.
INFO:LIT:243 - Logical network bram_block_0/BRAM_Din_B<30> has no load.
INFO:LIT:243 - Logical network bram_block_0/BRAM_Din_B<31> has no load.
INFO:LIT:243 - Logical network
   xps_uartlite_0/xps_uartlite_0/UARTLITE_CORE_I/Interrupt has no load.
INFO:LIT:243 - Logical network
   xps_uartlite_0/xps_uartlite_0/UARTLITE_CORE_I/UARTLITE_TX_I/SRL_FIFO_I/I_SRL_
   FIFO_RBU_F/CNTR_INCR_DECR_ADDN_F_I/STRUCTURAL_A_GEN.Addr_Counters[4].MUXCY_L_
   I/LO has no load.
INFO:LIT:243 - Logical network
   xps_uartlite_0/xps_uartlite_0/UARTLITE_CORE_I/UARTLITE_RX_I/SRL_FIFO_I/I_SRL_
   FIFO_RBU_F/CNTR_INCR_DECR_ADDN_F_I/STRUCTURAL_A_GEN.Addr_Counters[4].MUXCY_L_
   I/LO has no load.
INFO:LIT:243 - Logical network
   top_banner_0/top_banner_0/USER_LOGIC_I/mybanner/Mram_RAM17/SPO has no load.
INFO:LIT:243 - Logical network
   top_banner_0/top_banner_0/USER_LOGIC_I/mybanner/Mram_RAM16/SPO has no load.
INFO:LIT:243 - Logical network
   top_banner_0/top_banner_0/USER_LOGIC_I/mybanner/Mram_RAM18/SPO has no load.
INFO:LIT:243 - Logical network
   top_banner_0/top_banner_0/USER_LOGIC_I/mybanner/Mram_RAM19/SPO has no load.
INFO:LIT:243 - Logical network
   top_banner_0/top_banner_0/USER_LOGIC_I/mybanner/Mram_RAM20/SPO has no load.
INFO:LIT:243 - Logical network
   top_banner_0/top_banner_0/USER_LOGIC_I/mybanner/Mram_RAM3/SPO has no load.
INFO:LIT:243 - Logical network
   top_banner_0/top_banner_0/USER_LOGIC_I/mybanner/Mram_RAM1/SPO has no load.
INFO:LIT:243 - Logical network
   top_banner_0/top_banner_0/USER_LOGIC_I/mybanner/Mram_RAM2/SPO has no load.
INFO:LIT:243 - Logical network
   top_banner_0/top_banner_0/USER_LOGIC_I/mybanner/Mram_RAM4/SPO has no load.
INFO:LIT:243 - Logical network
   top_banner_0/top_banner_0/USER_LOGIC_I/mybanner/Mram_RAM5/SPO has no load.
INFO:LIT:243 - Logical network
   top_banner_0/top_banner_0/USER_LOGIC_I/mybanner/Mram_RAM6/SPO has no load.
INFO:LIT:243 - Logical network
   top_banner_0/top_banner_0/USER_LOGIC_I/mybanner/Mram_RAM7/SPO has no load.
INFO:LIT:243 - Logical network
   top_banner_0/top_banner_0/USER_LOGIC_I/mybanner/Mram_RAM10/SPO has no load.
INFO:LIT:243 - Logical network
   top_banner_0/top_banner_0/USER_LOGIC_I/mybanner/Mram_RAM8/SPO has no load.
INFO:LIT:243 - Logical network
   top_banner_0/top_banner_0/USER_LOGIC_I/mybanner/Mram_RAM9/SPO has no load.
INFO:LIT:243 - Logical network
   top_banner_0/top_banner_0/USER_LOGIC_I/mybanner/Mram_RAM11/SPO has no load.
INFO:LIT:243 - Logical network
   top_banner_0/top_banner_0/USER_LOGIC_I/mybanner/Mram_RAM12/SPO has no load.
INFO:LIT:243 - Logical network
   top_banner_0/top_banner_0/USER_LOGIC_I/mybanner/Mram_RAM13/SPO has no load.
INFO:LIT:243 - Logical network
   top_banner_0/top_banner_0/USER_LOGIC_I/mybanner/Mram_RAM14/SPO has no load.
INFO:LIT:243 - Logical network
   top_banner_0/top_banner_0/USER_LOGIC_I/mybanner/Mram_RAM15/SPO has no load.
INFO:LIT:243 - Logical network
   top_banner_0/top_banner_0/USER_LOGIC_I/mybanner/Mram_RAM_ren1/SPO has no
   load.
INFO:LIT:243 - Logical network
   top_banner_0/top_banner_0/USER_LOGIC_I/mybanner/Mram_RAM_ren2/SPO has no
   load.
INFO:LIT:243 - Logical network
   top_banner_0/top_banner_0/USER_LOGIC_I/mybanner/Mram_RAM_ren5/SPO has no
   load.
INFO:LIT:243 - Logical network
   top_banner_0/top_banner_0/USER_LOGIC_I/mybanner/Mram_RAM_ren3/SPO has no
   load.
INFO:LIT:243 - Logical network
   top_banner_0/top_banner_0/USER_LOGIC_I/mybanner/Mram_RAM_ren4/SPO has no
   load.
INFO:LIT:243 - Logical network
   top_banner_0/top_banner_0/USER_LOGIC_I/mybanner/Mram_RAM_ren6/SPO has no
   load.
INFO:LIT:243 - Logical network
   top_banner_0/top_banner_0/USER_LOGIC_I/mybanner/Mram_RAM_ren7/SPO has no
   load.
INFO:LIT:243 - Logical network
   top_banner_0/top_banner_0/USER_LOGIC_I/mybanner/Mram_RAM_ren8/SPO has no
   load.
INFO:LIT:243 - Logical network
   top_banner_0/top_banner_0/USER_LOGIC_I/mybanner/Mram_RAM_ren9/SPO has no
   load.
INFO:LIT:243 - Logical network
   top_banner_0/top_banner_0/USER_LOGIC_I/mybanner/Mram_RAM_ren12/SPO has no
   load.
INFO:LIT:243 - Logical network
   top_banner_0/top_banner_0/USER_LOGIC_I/mybanner/Mram_RAM_ren10/SPO has no
   load.
INFO:LIT:243 - Logical network
   top_banner_0/top_banner_0/USER_LOGIC_I/mybanner/Mram_RAM_ren11/SPO has no
   load.
INFO:LIT:243 - Logical network
   top_banner_0/top_banner_0/USER_LOGIC_I/mybanner/Mram_RAM_ren13/SPO has no
   load.
INFO:LIT:243 - Logical network
   top_banner_0/top_banner_0/USER_LOGIC_I/mybanner/Mram_RAM_ren14/SPO has no
   load.
INFO:LIT:243 - Logical network
   top_banner_0/top_banner_0/USER_LOGIC_I/mybanner/Mram_RAM_ren15/SPO has no
   load.
INFO:LIT:243 - Logical network
   top_banner_0/top_banner_0/USER_LOGIC_I/mybanner/Mram_RAM_ren16/SPO has no
   load.
INFO:LIT:243 - Logical network
   top_banner_0/top_banner_0/USER_LOGIC_I/mybanner/Mram_RAM_ren19/SPO has no
   load.
INFO:LIT:243 - Logical network
   top_banner_0/top_banner_0/USER_LOGIC_I/mybanner/Mram_RAM_ren17/SPO has no
   load.
INFO:LIT:243 - Logical network
   top_banner_0/top_banner_0/USER_LOGIC_I/mybanner/Mram_RAM_ren18/SPO has no
   load.
INFO:LIT:243 - Logical network
   top_banner_0/top_banner_0/USER_LOGIC_I/mybanner/Mram_RAM_ren20/SPO has no
   load.
INFO:LIT:243 - Logical network
   top_banner_0/top_banner_0/USER_LOGIC_I/mybanner/Mram_RAM_ren_11/SPO has no
   load.
INFO:LIT:243 - Logical network
   top_banner_0/top_banner_0/USER_LOGIC_I/mybanner/Mram_RAM_ren_12/SPO has no
   load.
INFO:LIT:243 - Logical network
   top_banner_0/top_banner_0/USER_LOGIC_I/mybanner/Mram_RAM_ren_13/SPO has no
   load.
INFO:LIT:243 - Logical network
   top_banner_0/top_banner_0/USER_LOGIC_I/mybanner/Mram_RAM_ren_14/SPO has no
   load.
INFO:LIT:243 - Logical network
   top_banner_0/top_banner_0/USER_LOGIC_I/mybanner/Mram_RAM_ren_17/SPO has no
   load.
INFO:LIT:243 - Logical network
   top_banner_0/top_banner_0/USER_LOGIC_I/mybanner/Mram_RAM_ren_15/SPO has no
   load.
INFO:LIT:243 - Logical network
   top_banner_0/top_banner_0/USER_LOGIC_I/mybanner/Mram_RAM_ren_16/SPO has no
   load.
INFO:LIT:243 - Logical network
   top_banner_0/top_banner_0/USER_LOGIC_I/mybanner/Mram_RAM_ren_18/SPO has no
   load.
INFO:LIT:243 - Logical network
   top_banner_0/top_banner_0/USER_LOGIC_I/mybanner/Mram_RAM_ren_19/SPO has no
   load.
INFO:LIT:243 - Logical network
   top_banner_0/top_banner_0/USER_LOGIC_I/mybanner/Mram_RAM_ren_110/SPO has no
   load.
INFO:LIT:243 - Logical network
   top_banner_0/top_banner_0/USER_LOGIC_I/mybanner/Mram_RAM_ren_111/SPO has no
   load.
INFO:LIT:243 - Logical network
   top_banner_0/top_banner_0/USER_LOGIC_I/mybanner/Mram_RAM_ren_114/SPO has no
   load.
INFO:LIT:243 - Logical network
   top_banner_0/top_banner_0/USER_LOGIC_I/mybanner/Mram_RAM_ren_112/SPO has no
   load.
INFO:LIT:243 - Logical network
   top_banner_0/top_banner_0/USER_LOGIC_I/mybanner/Mram_RAM_ren_113/SPO has no
   load.
INFO:LIT:243 - Logical network
   top_banner_0/top_banner_0/USER_LOGIC_I/mybanner/Mram_RAM_ren_115/SPO has no
   load.
INFO:LIT:243 - Logical network
   top_banner_0/top_banner_0/USER_LOGIC_I/mybanner/Mram_RAM_ren_116/SPO has no
   load.
INFO:LIT:243 - Logical network
   top_banner_0/top_banner_0/USER_LOGIC_I/mybanner/Mram_RAM_ren_117/SPO has no
   load.
INFO:LIT:243 - Logical network
   top_banner_0/top_banner_0/USER_LOGIC_I/mybanner/Mram_RAM_ren_118/SPO has no
   load.
INFO:LIT:243 - Logical network
   top_banner_0/top_banner_0/USER_LOGIC_I/mybanner/Mram_RAM_ren_119/SPO has no
   load.
INFO:LIT:243 - Logical network
   top_banner_0/top_banner_0/USER_LOGIC_I/mybanner/Mram_RAM_ren_120/SPO has no
   load.
INFO:LIT:243 - Logical network
   top_banner_0/top_banner_0/USER_LOGIC_I/mybanner/Mram_RAM_ren_22/SPO has no
   load.
INFO:LIT:243 - Logical network
   top_banner_0/top_banner_0/USER_LOGIC_I/mybanner/Mram_RAM_ren_21/SPO has no
   load.
INFO:LIT:243 - Logical network
   top_banner_0/top_banner_0/USER_LOGIC_I/mybanner/Mram_RAM_ren_23/SPO has no
   load.
INFO:LIT:243 - Logical network
   top_banner_0/top_banner_0/USER_LOGIC_I/mybanner/Mram_RAM_ren_24/SPO has no
   load.
INFO:LIT:243 - Logical network
   top_banner_0/top_banner_0/USER_LOGIC_I/mybanner/Mram_RAM_ren_25/SPO has no
   load.
INFO:LIT:243 - Logical network
   top_banner_0/top_banner_0/USER_LOGIC_I/mybanner/Mram_RAM_ren_26/SPO has no
   load.
INFO:LIT:243 - Logical network
   top_banner_0/top_banner_0/USER_LOGIC_I/mybanner/Mram_RAM_ren_29/SPO has no
   load.
INFO:LIT:243 - Logical network
   top_banner_0/top_banner_0/USER_LOGIC_I/mybanner/Mram_RAM_ren_27/SPO has no
   load.
INFO:LIT:243 - Logical network
   top_banner_0/top_banner_0/USER_LOGIC_I/mybanner/Mram_RAM_ren_28/SPO has no
   load.
INFO:LIT:243 - Logical network
   top_banner_0/top_banner_0/USER_LOGIC_I/mybanner/Mram_RAM_ren_210/SPO has no
   load.
INFO:LIT:243 - Logical network
   top_banner_0/top_banner_0/USER_LOGIC_I/mybanner/Mram_RAM_ren_211/SPO has no
   load.
INFO:LIT:243 - Logical network
   top_banner_0/top_banner_0/USER_LOGIC_I/mybanner/Mram_RAM_ren_212/SPO has no
   load.
INFO:LIT:243 - Logical network
   top_banner_0/top_banner_0/USER_LOGIC_I/mybanner/Mram_RAM_ren_213/SPO has no
   load.
INFO:LIT:243 - Logical network
   top_banner_0/top_banner_0/USER_LOGIC_I/mybanner/Mram_RAM_ren_216/SPO has no
   load.
INFO:LIT:243 - Logical network
   top_banner_0/top_banner_0/USER_LOGIC_I/mybanner/Mram_RAM_ren_214/SPO has no
   load.
INFO:LIT:243 - Logical network
   top_banner_0/top_banner_0/USER_LOGIC_I/mybanner/Mram_RAM_ren_215/SPO has no
   load.
INFO:LIT:243 - Logical network
   top_banner_0/top_banner_0/USER_LOGIC_I/mybanner/Mram_RAM_ren_217/SPO has no
   load.
INFO:LIT:243 - Logical network
   top_banner_0/top_banner_0/USER_LOGIC_I/mybanner/Mram_RAM_ren_218/SPO has no
   load.
INFO:LIT:243 - Logical network
   top_banner_0/top_banner_0/USER_LOGIC_I/mybanner/Mram_RAM_ren_219/SPO has no
   load.
INFO:LIT:243 - Logical network
   top_banner_0/top_banner_0/USER_LOGIC_I/mybanner/Mram_RAM_ren_220/SPO has no
   load.
INFO:LIT:243 - Logical network
   top_banner_0/top_banner_0/USER_LOGIC_I/mybanner/Mram_RAM_ren_51/SPO has no
   load.
INFO:LIT:243 - Logical network
   top_banner_0/top_banner_0/USER_LOGIC_I/mybanner/Mram_RAM_ren_52/SPO has no
   load.
INFO:LIT:243 - Logical network
   top_banner_0/top_banner_0/USER_LOGIC_I/mybanner/Mram_RAM_ren_55/SPO has no
   load.
INFO:LIT:243 - Logical network
   top_banner_0/top_banner_0/USER_LOGIC_I/mybanner/Mram_RAM_ren_53/SPO has no
   load.
INFO:LIT:243 - Logical network
   top_banner_0/top_banner_0/USER_LOGIC_I/mybanner/Mram_RAM_ren_54/SPO has no
   load.
INFO:LIT:243 - Logical network
   top_banner_0/top_banner_0/USER_LOGIC_I/mybanner/Mram_RAM_ren_56/SPO has no
   load.
INFO:LIT:243 - Logical network
   top_banner_0/top_banner_0/USER_LOGIC_I/mybanner/Mram_RAM_ren_57/SPO has no
   load.
INFO:LIT:243 - Logical network
   top_banner_0/top_banner_0/USER_LOGIC_I/mybanner/Mram_RAM_ren_58/SPO has no
   load.
INFO:LIT:243 - Logical network
   top_banner_0/top_banner_0/USER_LOGIC_I/mybanner/Mram_RAM_ren_59/SPO has no
   load.
INFO:LIT:243 - Logical network
   top_banner_0/top_banner_0/USER_LOGIC_I/mybanner/Mram_RAM_ren_512/SPO has no
   load.
INFO:LIT:243 - Logical network
   top_banner_0/top_banner_0/USER_LOGIC_I/mybanner/Mram_RAM_ren_510/SPO has no
   load.
INFO:LIT:243 - Logical network
   top_banner_0/top_banner_0/USER_LOGIC_I/mybanner/Mram_RAM_ren_511/SPO has no
   load.
INFO:LIT:243 - Logical network
   top_banner_0/top_banner_0/USER_LOGIC_I/mybanner/Mram_RAM_ren_513/SPO has no
   load.
INFO:LIT:243 - Logical network
   top_banner_0/top_banner_0/USER_LOGIC_I/mybanner/Mram_RAM_ren_514/SPO has no
   load.
INFO:LIT:243 - Logical network
   top_banner_0/top_banner_0/USER_LOGIC_I/mybanner/Mram_RAM_ren_515/SPO has no
   load.
INFO:LIT:243 - Logical network
   top_banner_0/top_banner_0/USER_LOGIC_I/mybanner/Mram_RAM_ren_516/SPO has no
   load.
INFO:LIT:243 - Logical network
   top_banner_0/top_banner_0/USER_LOGIC_I/mybanner/Mram_RAM_ren_519/SPO has no
   load.
INFO:LIT:243 - Logical network
   top_banner_0/top_banner_0/USER_LOGIC_I/mybanner/Mram_RAM_ren_517/SPO has no
   load.
INFO:LIT:243 - Logical network
   top_banner_0/top_banner_0/USER_LOGIC_I/mybanner/Mram_RAM_ren_518/SPO has no
   load.
INFO:LIT:243 - Logical network
   top_banner_0/top_banner_0/USER_LOGIC_I/mybanner/Mram_RAM_ren_520/SPO has no
   load.
INFO:LIT:243 - Logical network
   top_banner_0/top_banner_0/USER_LOGIC_I/mybanner/Mram_RAM_ren_31/SPO has no
   load.
INFO:LIT:243 - Logical network
   top_banner_0/top_banner_0/USER_LOGIC_I/mybanner/Mram_RAM_ren_32/SPO has no
   load.
INFO:LIT:243 - Logical network
   top_banner_0/top_banner_0/USER_LOGIC_I/mybanner/Mram_RAM_ren_33/SPO has no
   load.
INFO:LIT:243 - Logical network
   top_banner_0/top_banner_0/USER_LOGIC_I/mybanner/Mram_RAM_ren_34/SPO has no
   load.
INFO:LIT:243 - Logical network
   top_banner_0/top_banner_0/USER_LOGIC_I/mybanner/Mram_RAM_ren_37/SPO has no
   load.
INFO:LIT:243 - Logical network
   top_banner_0/top_banner_0/USER_LOGIC_I/mybanner/Mram_RAM_ren_35/SPO has no
   load.
INFO:LIT:243 - Logical network
   top_banner_0/top_banner_0/USER_LOGIC_I/mybanner/Mram_RAM_ren_36/SPO has no
   load.
INFO:LIT:243 - Logical network
   top_banner_0/top_banner_0/USER_LOGIC_I/mybanner/Mram_RAM_ren_38/SPO has no
   load.
INFO:LIT:243 - Logical network
   top_banner_0/top_banner_0/USER_LOGIC_I/mybanner/Mram_RAM_ren_39/SPO has no
   load.
INFO:LIT:243 - Logical network
   top_banner_0/top_banner_0/USER_LOGIC_I/mybanner/Mram_RAM_ren_310/SPO has no
   load.
INFO:LIT:243 - Logical network
   top_banner_0/top_banner_0/USER_LOGIC_I/mybanner/Mram_RAM_ren_311/SPO has no
   load.
INFO:LIT:243 - Logical network
   top_banner_0/top_banner_0/USER_LOGIC_I/mybanner/Mram_RAM_ren_314/SPO has no
   load.
INFO:LIT:243 - Logical network
   top_banner_0/top_banner_0/USER_LOGIC_I/mybanner/Mram_RAM_ren_312/SPO has no
   load.
INFO:LIT:243 - Logical network
   top_banner_0/top_banner_0/USER_LOGIC_I/mybanner/Mram_RAM_ren_313/SPO has no
   load.
INFO:LIT:243 - Logical network
   top_banner_0/top_banner_0/USER_LOGIC_I/mybanner/Mram_RAM_ren_315/SPO has no
   load.
INFO:LIT:243 - Logical network
   top_banner_0/top_banner_0/USER_LOGIC_I/mybanner/Mram_RAM_ren_316/SPO has no
   load.
INFO:LIT:243 - Logical network
   top_banner_0/top_banner_0/USER_LOGIC_I/mybanner/Mram_RAM_ren_317/SPO has no
   load.
INFO:LIT:243 - Logical network
   top_banner_0/top_banner_0/USER_LOGIC_I/mybanner/Mram_RAM_ren_318/SPO has no
   load.
INFO:LIT:243 - Logical network
   top_banner_0/top_banner_0/USER_LOGIC_I/mybanner/Mram_RAM_ren_319/SPO has no
   load.
INFO:LIT:243 - Logical network
   top_banner_0/top_banner_0/USER_LOGIC_I/mybanner/Mram_RAM_ren_320/SPO has no
   load.
INFO:LIT:243 - Logical network
   top_banner_0/top_banner_0/USER_LOGIC_I/mybanner/Mram_RAM_ren_42/SPO has no
   load.
INFO:LIT:243 - Logical network
   top_banner_0/top_banner_0/USER_LOGIC_I/mybanner/Mram_RAM_ren_41/SPO has no
   load.
INFO:LIT:243 - Logical network
   top_banner_0/top_banner_0/USER_LOGIC_I/mybanner/Mram_RAM_ren_43/SPO has no
   load.
INFO:LIT:243 - Logical network
   top_banner_0/top_banner_0/USER_LOGIC_I/mybanner/Mram_RAM_ren_44/SPO has no
   load.
INFO:LIT:243 - Logical network
   top_banner_0/top_banner_0/USER_LOGIC_I/mybanner/Mram_RAM_ren_45/SPO has no
   load.
INFO:LIT:243 - Logical network
   top_banner_0/top_banner_0/USER_LOGIC_I/mybanner/Mram_RAM_ren_46/SPO has no
   load.
INFO:LIT:243 - Logical network
   top_banner_0/top_banner_0/USER_LOGIC_I/mybanner/Mram_RAM_ren_49/SPO has no
   load.
INFO:LIT:243 - Logical network
   top_banner_0/top_banner_0/USER_LOGIC_I/mybanner/Mram_RAM_ren_47/SPO has no
   load.
INFO:LIT:243 - Logical network
   top_banner_0/top_banner_0/USER_LOGIC_I/mybanner/Mram_RAM_ren_48/SPO has no
   load.
INFO:LIT:243 - Logical network
   top_banner_0/top_banner_0/USER_LOGIC_I/mybanner/Mram_RAM_ren_410/SPO has no
   load.
INFO:LIT:243 - Logical network
   top_banner_0/top_banner_0/USER_LOGIC_I/mybanner/Mram_RAM_ren_411/SPO has no
   load.
INFO:LIT:243 - Logical network
   top_banner_0/top_banner_0/USER_LOGIC_I/mybanner/Mram_RAM_ren_412/SPO has no
   load.
INFO:LIT:243 - Logical network
   top_banner_0/top_banner_0/USER_LOGIC_I/mybanner/Mram_RAM_ren_413/SPO has no
   load.
INFO:LIT:243 - Logical network
   top_banner_0/top_banner_0/USER_LOGIC_I/mybanner/Mram_RAM_ren_416/SPO has no
   load.
INFO:LIT:243 - Logical network
   top_banner_0/top_banner_0/USER_LOGIC_I/mybanner/Mram_RAM_ren_414/SPO has no
   load.
INFO:LIT:243 - Logical network
   top_banner_0/top_banner_0/USER_LOGIC_I/mybanner/Mram_RAM_ren_415/SPO has no
   load.
INFO:LIT:243 - Logical network
   top_banner_0/top_banner_0/USER_LOGIC_I/mybanner/Mram_RAM_ren_417/SPO has no
   load.
INFO:LIT:243 - Logical network
   top_banner_0/top_banner_0/USER_LOGIC_I/mybanner/Mram_RAM_ren_418/SPO has no
   load.
INFO:LIT:243 - Logical network
   top_banner_0/top_banner_0/USER_LOGIC_I/mybanner/Mram_RAM_ren_419/SPO has no
   load.
INFO:LIT:243 - Logical network
   top_banner_0/top_banner_0/USER_LOGIC_I/mybanner/Mram_RAM_ren_420/SPO has no
   load.
INFO:LIT:243 - Logical network
   top_banner_0/top_banner_0/USER_LOGIC_I/mybanner/Mram_RAM_ren_61/SPO has no
   load.
INFO:LIT:243 - Logical network
   top_banner_0/top_banner_0/USER_LOGIC_I/mybanner/Mram_RAM_ren_64/SPO has no
   load.
INFO:LIT:243 - Logical network
   top_banner_0/top_banner_0/USER_LOGIC_I/mybanner/Mram_RAM_ren_62/SPO has no
   load.
INFO:LIT:243 - Logical network
   top_banner_0/top_banner_0/USER_LOGIC_I/mybanner/Mram_RAM_ren_63/SPO has no
   load.
INFO:LIT:243 - Logical network
   top_banner_0/top_banner_0/USER_LOGIC_I/mybanner/Mram_RAM_ren_65/SPO has no
   load.
INFO:LIT:243 - Logical network
   top_banner_0/top_banner_0/USER_LOGIC_I/mybanner/Mram_RAM_ren_66/SPO has no
   load.
INFO:LIT:243 - Logical network
   top_banner_0/top_banner_0/USER_LOGIC_I/mybanner/Mram_RAM_ren_67/SPO has no
   load.
INFO:LIT:243 - Logical network
   top_banner_0/top_banner_0/USER_LOGIC_I/mybanner/Mram_RAM_ren_68/SPO has no
   load.
INFO:LIT:243 - Logical network
   top_banner_0/top_banner_0/USER_LOGIC_I/mybanner/Mram_RAM_ren_611/SPO has no
   load.
INFO:LIT:243 - Logical network
   top_banner_0/top_banner_0/USER_LOGIC_I/mybanner/Mram_RAM_ren_69/SPO has no
   load.
INFO:LIT:243 - Logical network
   top_banner_0/top_banner_0/USER_LOGIC_I/mybanner/Mram_RAM_ren_610/SPO has no
   load.
INFO:LIT:243 - Logical network
   top_banner_0/top_banner_0/USER_LOGIC_I/mybanner/Mram_RAM_ren_612/SPO has no
   load.
INFO:LIT:243 - Logical network
   top_banner_0/top_banner_0/USER_LOGIC_I/mybanner/Mram_RAM_ren_613/SPO has no
   load.
INFO:LIT:243 - Logical network
   top_banner_0/top_banner_0/USER_LOGIC_I/mybanner/Mram_RAM_ren_614/SPO has no
   load.
INFO:LIT:243 - Logical network
   top_banner_0/top_banner_0/USER_LOGIC_I/mybanner/Mram_RAM_ren_615/SPO has no
   load.
INFO:LIT:243 - Logical network
   top_banner_0/top_banner_0/USER_LOGIC_I/mybanner/Mram_RAM_ren_618/SPO has no
   load.
INFO:LIT:243 - Logical network
   top_banner_0/top_banner_0/USER_LOGIC_I/mybanner/Mram_RAM_ren_616/SPO has no
   load.
INFO:LIT:243 - Logical network
   top_banner_0/top_banner_0/USER_LOGIC_I/mybanner/Mram_RAM_ren_617/SPO has no
   load.
INFO:LIT:243 - Logical network
   top_banner_0/top_banner_0/USER_LOGIC_I/mybanner/Mram_RAM_ren_619/SPO has no
   load.
INFO:LIT:243 - Logical network
   top_banner_0/top_banner_0/USER_LOGIC_I/mybanner/Mram_RAM_ren_620/SPO has no
   load.
INFO:MapLib:562 - No environment variables are currently set.
INFO:LIT:244 - All of the single ended outputs in this design are using slew
   rate limited output drivers. The delay on speed critical single ended outputs
   can be dramatically reduced by designating them as fast outputs.
