--------------------------------------------------------------------------------
Release 14.1 Trace  (nt)
Copyright (c) 1995-2012 Xilinx, Inc.  All rights reserved.

C:\Xilinx\14.1\ISE_DS\ISE\bin\nt\unwrapped\trce.exe -e 3 -xml practica2.twx
practica2.ncd practica2.pcf

Design file:              practica2.ncd
Physical constraint file: practica2.pcf
Device,package,speed:     xc3s1000,ft256,-5 (PRODUCTION 1.39 2012-04-23)
Report level:             error report

Environment Variable      Effect 
--------------------      ------ 
NONE                      No environment variables were set
--------------------------------------------------------------------------------

INFO:Timing:2698 - No timing constraints found, doing default enumeration.
INFO:Timing:3412 - To improve timing, see the Timing Closure User Guide (UG612).
INFO:Timing:2752 - To get complete path coverage, use the unconstrained paths 
   option. All paths that are not constrained will be reported in the 
   unconstrained paths section(s) of the report.
INFO:Timing:3339 - The clock-to-out numbers in this timing report are based on 
   a 50 Ohm transmission line loading model.  For the details of this model, 
   and for more information on accounting for different loading conditions, 
   please see the device datasheet.
INFO:Timing:3390 - This architecture does not support a default System Jitter 
   value, please add SYSTEM_JITTER constraint to the UCF to modify the Clock 
   Uncertainty calculation.
INFO:Timing:3389 - This architecture does not support 'Discrete Jitter' and 
   'Phase Error' calculations, these terms will be zero in the Clock 
   Uncertainty calculation.  Please make appropriate modification to 
   SYSTEM_JITTER to account for the unsupported Discrete Jitter and Phase 
   Error.



Data Sheet report:
-----------------
All values displayed in nanoseconds (ns)

Setup/Hold to clock Clk_pin
------------+------------+------------+------------------+--------+
            |Max Setup to|Max Hold to |                  | Clock  |
Source      | clk (edge) | clk (edge) |Internal Clock(s) | Phase  |
------------+------------+------------+------------------+--------+
RX_pin      |    3.342(R)|   -1.221(R)|Clk_pin_BUFGP     |   0.000|
Rst_pin     |    3.984(R)|   -0.377(R)|Clk_pin_BUFGP     |   0.000|
leds<0>     |    1.233(R)|   -0.230(R)|Clk_pin_BUFGP     |   0.000|
leds<1>     |    1.815(R)|   -0.806(R)|Clk_pin_BUFGP     |   0.000|
leds<2>     |    2.022(R)|   -0.971(R)|Clk_pin_BUFGP     |   0.000|
leds<3>     |    1.456(R)|   -0.487(R)|Clk_pin_BUFGP     |   0.000|
leds<4>     |    1.811(R)|   -0.799(R)|Clk_pin_BUFGP     |   0.000|
leds<5>     |    1.292(R)|   -0.335(R)|Clk_pin_BUFGP     |   0.000|
leds<6>     |    1.314(R)|   -0.353(R)|Clk_pin_BUFGP     |   0.000|
leds<7>     |    1.688(R)|   -0.643(R)|Clk_pin_BUFGP     |   0.000|
switches<0> |    0.769(R)|    0.067(R)|Clk_pin_BUFGP     |   0.000|
switches<1> |    0.212(R)|    0.604(R)|Clk_pin_BUFGP     |   0.000|
switches<2> |    0.717(R)|    0.197(R)|Clk_pin_BUFGP     |   0.000|
switches<3> |    1.024(R)|   -0.049(R)|Clk_pin_BUFGP     |   0.000|
switches<4> |    0.819(R)|    0.074(R)|Clk_pin_BUFGP     |   0.000|
switches<5> |    1.004(R)|   -0.104(R)|Clk_pin_BUFGP     |   0.000|
switches<6> |    1.461(R)|   -0.455(R)|Clk_pin_BUFGP     |   0.000|
switches<7> |    1.555(R)|   -0.595(R)|Clk_pin_BUFGP     |   0.000|
------------+------------+------------+------------------+--------+

Clock Clk_pin to Pad
------------+------------+------------------+--------+
            | clk (edge) |                  | Clock  |
Destination |   to PAD   |Internal Clock(s) | Phase  |
------------+------------+------------------+--------+
TX_pin      |    6.534(R)|Clk_pin_BUFGP     |   0.000|
leds<0>     |    9.527(R)|Clk_pin_BUFGP     |   0.000|
leds<1>     |   10.104(R)|Clk_pin_BUFGP     |   0.000|
leds<2>     |    9.211(R)|Clk_pin_BUFGP     |   0.000|
leds<3>     |    9.102(R)|Clk_pin_BUFGP     |   0.000|
leds<4>     |   10.840(R)|Clk_pin_BUFGP     |   0.000|
leds<5>     |    9.580(R)|Clk_pin_BUFGP     |   0.000|
leds<6>     |    9.582(R)|Clk_pin_BUFGP     |   0.000|
leds<7>     |    9.991(R)|Clk_pin_BUFGP     |   0.000|
switches<0> |    9.096(R)|Clk_pin_BUFGP     |   0.000|
switches<1> |    8.574(R)|Clk_pin_BUFGP     |   0.000|
switches<2> |    9.040(R)|Clk_pin_BUFGP     |   0.000|
switches<3> |    9.089(R)|Clk_pin_BUFGP     |   0.000|
switches<4> |    9.233(R)|Clk_pin_BUFGP     |   0.000|
switches<5> |    9.613(R)|Clk_pin_BUFGP     |   0.000|
switches<6> |    9.563(R)|Clk_pin_BUFGP     |   0.000|
switches<7> |   10.085(R)|Clk_pin_BUFGP     |   0.000|
------------+------------+------------------+--------+

Clock to Setup on destination clock Clk_pin
---------------+---------+---------+---------+---------+
               | Src:Rise| Src:Fall| Src:Rise| Src:Fall|
Source Clock   |Dest:Rise|Dest:Rise|Dest:Fall|Dest:Fall|
---------------+---------+---------+---------+---------+
Clk_pin        |   10.531|         |         |         |
---------------+---------+---------+---------+---------+


Analysis completed Sun Oct 09 11:31:27 2022 
--------------------------------------------------------------------------------

Trace Settings:
-------------------------
Trace Settings 

Peak Memory Usage: 152 MB



